Flow report for alu
Wed Apr 12 17:55:49 2017
Quartus II 32-bit Version 13.0.1 Build 232 06/12/2013 Service Pack 1 SJ Web Edition


---------------------
; Table of Contents ;
---------------------
  1. Legal Notice
  2. Flow Summary
  3. Flow Settings
  4. Flow Non-Default Global Settings
  5. Flow Elapsed Time
  6. Flow OS Summary
  7. Flow Log
  8. Flow Messages
  9. Flow Suppressed Messages



----------------
; Legal Notice ;
----------------
Copyright (C) 1991-2013 Altera Corporation
Your use of Altera Corporation's design tools, logic functions 
and other software and tools, and its AMPP partner logic 
functions, and any output files from any of the foregoing 
(including device programming or simulation files), and any 
associated documentation or information are expressly subject 
to the terms and conditions of the Altera Program License 
Subscription Agreement, Altera MegaCore Function License 
Agreement, or other applicable license agreement, including, 
without limitation, that your use is for the sole purpose of 
programming logic devices manufactured by Altera and sold by 
Altera or its authorized distributors.  Please refer to the 
applicable agreement for further details.



+--------------------------------------------------------------------------------------+
; Flow Summary                                                                         ;
+------------------------------------+-------------------------------------------------+
; Flow Status                        ; Successful - Wed Apr 12 17:55:49 2017           ;
; Quartus II 32-bit Version          ; 13.0.1 Build 232 06/12/2013 SP 1 SJ Web Edition ;
; Revision Name                      ; alu                                             ;
; Top-level Entity Name              ; demo_setup                                      ;
; Family                             ; Cyclone II                                      ;
; Device                             ; EP2C20F484C7                                    ;
; Timing Models                      ; Final                                           ;
; Total logic elements               ; 36 / 18,752 ( < 1 % )                           ;
;     Total combinational functions  ; 36 / 18,752 ( < 1 % )                           ;
;     Dedicated logic registers      ; 0 / 18,752 ( 0 % )                              ;
; Total registers                    ; 0                                               ;
; Total pins                         ; 61 / 315 ( 19 % )                               ;
; Total virtual pins                 ; 0                                               ;
; Total memory bits                  ; 0 / 239,616 ( 0 % )                             ;
; Embedded Multiplier 9-bit elements ; 0 / 52 ( 0 % )                                  ;
; Total PLLs                         ; 0 / 4 ( 0 % )                                   ;
+------------------------------------+-------------------------------------------------+


+-----------------------------------------+
; Flow Settings                           ;
+-------------------+---------------------+
; Option            ; Setting             ;
+-------------------+---------------------+
; Start date & time ; 04/12/2017 17:55:38 ;
; Main task         ; Compilation         ;
; Revision Name     ; alu                 ;
+-------------------+---------------------+


+----------------------------------------------------------------------------------------------------------------------------+
; Flow Non-Default Global Settings                                                                                           ;
+-------------------------------------+---------------------------------------+---------------+-------------+----------------+
; Assignment Name                     ; Value                                 ; Default Value ; Entity Name ; Section Id     ;
+-------------------------------------+---------------------------------------+---------------+-------------+----------------+
; COMPILER_SIGNATURE_ID               ; 0.149203053805185                     ; --            ; --          ; --             ;
; EDA_OUTPUT_DATA_FORMAT              ; Vhdl                                  ; --            ; --          ; eda_simulation ;
; EDA_SIMULATION_TOOL                 ; ModelSim-Altera (VHDL)                ; <None>        ; --          ; --             ;
; MAX_CORE_JUNCTION_TEMP              ; 85                                    ; --            ; --          ; --             ;
; MIN_CORE_JUNCTION_TEMP              ; 0                                     ; --            ; --          ; --             ;
; PARTITION_COLOR                     ; 16764057                              ; --            ; demo_setup  ; Top            ;
; PARTITION_FITTER_PRESERVATION_LEVEL ; PLACEMENT_AND_ROUTING                 ; --            ; demo_setup  ; Top            ;
; PARTITION_NETLIST_TYPE              ; SOURCE                                ; --            ; demo_setup  ; Top            ;
; POWER_BOARD_THERMAL_MODEL           ; None (CONSERVATIVE)                   ; --            ; --          ; --             ;
; POWER_PRESET_COOLING_SOLUTION       ; 23 MM HEAT SINK WITH 200 LFPM AIRFLOW ; --            ; --          ; --             ;
; PROJECT_OUTPUT_DIRECTORY            ; output_files                          ; --            ; --          ; --             ;
; SEARCH_PATH                         ; /home/ec2015/ra175281/MC613/alu       ; --            ; --          ; --             ;
; SEARCH_PATH                         ; /home/ec2015/ra175281/MC613/fullAdder ; --            ; --          ; --             ;
; TOP_LEVEL_ENTITY                    ; demo_setup                            ; alu           ; --          ; --             ;
+-------------------------------------+---------------------------------------+---------------+-------------+----------------+


+-------------------------------------------------------------------------------------------------------------------------------+
; Flow Elapsed Time                                                                                                             ;
+---------------------------+--------------+-------------------------+---------------------+------------------------------------+
; Module Name               ; Elapsed Time ; Average Processors Used ; Peak Virtual Memory ; Total CPU Time (on all processors) ;
+---------------------------+--------------+-------------------------+---------------------+------------------------------------+
; Analysis & Synthesis      ; 00:00:01     ; 1.0                     ; 359 MB              ; 00:00:01                           ;
; Fitter                    ; 00:00:03     ; 1.0                     ; 439 MB              ; 00:00:03                           ;
; Assembler                 ; 00:00:01     ; 1.0                     ; 337 MB              ; 00:00:01                           ;
; TimeQuest Timing Analyzer ; 00:00:00     ; 1.0                     ; 296 MB              ; 00:00:00                           ;
; EDA Netlist Writer        ; 00:00:00     ; 1.0                     ; 313 MB              ; 00:00:00                           ;
; Total                     ; 00:00:05     ; --                      ; --                  ; 00:00:05                           ;
+---------------------------+--------------+-------------------------+---------------------+------------------------------------+


+---------------------------------------------------------------------------------------------------------+
; Flow OS Summary                                                                                         ;
+---------------------------+------------------------------+--------------+--------------+----------------+
; Module Name               ; Machine Hostname             ; OS Name      ; OS Version   ; Processor type ;
+---------------------------+------------------------------+--------------+--------------+----------------+
; Analysis & Synthesis      ; cuba.redes.lab.ic.unicamp.br ; CentOS Linux ; CentOS Linux ; x86_64         ;
; Fitter                    ; cuba.redes.lab.ic.unicamp.br ; CentOS Linux ; CentOS Linux ; x86_64         ;
; Assembler                 ; cuba.redes.lab.ic.unicamp.br ; CentOS Linux ; CentOS Linux ; x86_64         ;
; TimeQuest Timing Analyzer ; cuba.redes.lab.ic.unicamp.br ; CentOS Linux ; CentOS Linux ; x86_64         ;
; EDA Netlist Writer        ; cuba.redes.lab.ic.unicamp.br ; CentOS Linux ; CentOS Linux ; x86_64         ;
+---------------------------+------------------------------+--------------+--------------+----------------+


------------
; Flow Log ;
------------
quartus_map --read_settings_files=on --write_settings_files=off alu -c alu
quartus_fit --read_settings_files=off --write_settings_files=off alu -c alu
quartus_asm --read_settings_files=off --write_settings_files=off alu -c alu
quartus_sta alu -c alu
quartus_eda --read_settings_files=off --write_settings_files=off alu -c alu



