Simulator report for gray_to_bin
Wed Mar 22 16:52:34 2017
Quartus II 32-bit Version 13.0.1 Build 232 06/12/2013 Service Pack 1 SJ Web Edition


---------------------
; Table of Contents ;
---------------------
  1. Legal Notice
  2. Simulator Summary
  3. Simulator Settings
  4. Simulation Waveforms
  5. Coverage Summary
  6. Complete 1/0-Value Coverage
  7. Missing 1-Value Coverage
  8. Missing 0-Value Coverage
  9. Simulator INI Usage
 10. Simulator Messages



----------------
; Legal Notice ;
----------------
Copyright (C) 1991-2013 Altera Corporation
Your use of Altera Corporation's design tools, logic functions 
and other software and tools, and its AMPP partner logic 
functions, and any output files from any of the foregoing 
(including device programming or simulation files), and any 
associated documentation or information are expressly subject 
to the terms and conditions of the Altera Program License 
Subscription Agreement, Altera MegaCore Function License 
Agreement, or other applicable license agreement, including, 
without limitation, that your use is for the sole purpose of 
programming logic devices manufactured by Altera and sold by 
Altera or its authorized distributors.  Please refer to the 
applicable agreement for further details.



+--------------------------------------------+
; Simulator Summary                          ;
+-----------------------------+--------------+
; Type                        ; Value        ;
+-----------------------------+--------------+
; Simulation Start Time       ; 0 ps         ;
; Simulation End Time         ; 1.0 us       ;
; Simulation Netlist Size     ; 222 nodes    ;
; Simulation Coverage         ;      81.08 % ;
; Total Number of Transitions ; 6475         ;
; Simulation Breakpoints      ; 0            ;
; Family                      ; Cyclone II   ;
+-----------------------------+--------------+


+------------------------------------------------------------------------------------------------------------------------------------------------------------------+
; Simulator Settings                                                                                                                                               ;
+--------------------------------------------------------------------------------------------+-----------------------------------------------------+---------------+
; Option                                                                                     ; Setting                                             ; Default Value ;
+--------------------------------------------------------------------------------------------+-----------------------------------------------------+---------------+
; Simulation mode                                                                            ; Functional                                          ; Timing        ;
; Start time                                                                                 ; 0 ns                                                ; 0 ns          ;
; Simulation results format                                                                  ; VWF                                                 ;               ;
; Vector input source                                                                        ; /home/ec2015/ra175281/MC613/gray_to_bin/gray_wf.vwf ;               ;
; Add pins automatically to simulation output waveforms                                      ; On                                                  ; On            ;
; Check outputs                                                                              ; Off                                                 ; Off           ;
; Report simulation coverage                                                                 ; On                                                  ; On            ;
; Display complete 1/0 value coverage report                                                 ; On                                                  ; On            ;
; Display missing 1-value coverage report                                                    ; On                                                  ; On            ;
; Display missing 0-value coverage report                                                    ; On                                                  ; On            ;
; Detect setup and hold time violations                                                      ; Off                                                 ; Off           ;
; Detect glitches                                                                            ; Off                                                 ; Off           ;
; Disable timing delays in Timing Simulation                                                 ; Off                                                 ; Off           ;
; Generate Signal Activity File                                                              ; Off                                                 ; Off           ;
; Generate VCD File for PowerPlay Power Analyzer                                             ; Off                                                 ; Off           ;
; Group bus channels in simulation results                                                   ; Off                                                 ; Off           ;
; Preserve fewer signal transitions to reduce memory requirements                            ; On                                                  ; On            ;
; Trigger vector comparison with the specified mode                                          ; INPUT_EDGE                                          ; INPUT_EDGE    ;
; Disable setup and hold time violations detection in input registers of bi-directional pins ; Off                                                 ; Off           ;
; Overwrite Waveform Inputs With Simulation Outputs                                          ; Off                                                 ;               ;
; Perform Glitch Filtering in Timing Simulation                                              ; Auto                                                ; Auto          ;
+--------------------------------------------------------------------------------------------+-----------------------------------------------------+---------------+


+----------------------+
; Simulation Waveforms ;
+----------------------+
Waveform report data cannot be output to ASCII.
Please use Quartus II 32-bit to view the waveform report data.


+--------------------------------------------------------------------+
; Coverage Summary                                                   ;
+-----------------------------------------------------+--------------+
; Type                                                ; Value        ;
+-----------------------------------------------------+--------------+
; Total coverage as a percentage                      ;      81.08 % ;
; Total nodes checked                                 ; 222          ;
; Total output ports checked                          ; 222          ;
; Total output ports with complete 1/0-value coverage ; 180          ;
; Total output ports with no 1/0-value coverage       ; 42           ;
; Total output ports with no 1-value coverage         ; 42           ;
; Total output ports with no 0-value coverage         ; 42           ;
+-----------------------------------------------------+--------------+


The following table displays output ports that toggle between 1 and 0 during simulation.
+----------------------------------------------------------------------------------------------------------------------------------------------------------+
; Complete 1/0-Value Coverage                                                                                                                              ;
+-------------------------------------------------------------------+-------------------------------------------------------------------+------------------+
; Node Name                                                         ; Output Port Name                                                  ; Output Port Type ;
+-------------------------------------------------------------------+-------------------------------------------------------------------+------------------+
; |gray_to_bin|gray[0]                                              ; |gray_to_bin|gray[0]                                              ; out              ;
; |gray_to_bin|gray[1]                                              ; |gray_to_bin|gray[1]                                              ; out              ;
; |gray_to_bin|gray[2]                                              ; |gray_to_bin|gray[2]                                              ; out              ;
; |gray_to_bin|gray[3]                                              ; |gray_to_bin|gray[3]                                              ; out              ;
; |gray_to_bin|bin[0]                                               ; |gray_to_bin|bin[0]                                               ; pin_out          ;
; |gray_to_bin|bin[1]                                               ; |gray_to_bin|bin[1]                                               ; pin_out          ;
; |gray_to_bin|bin[2]                                               ; |gray_to_bin|bin[2]                                               ; pin_out          ;
; |gray_to_bin|bin[3]                                               ; |gray_to_bin|bin[3]                                               ; pin_out          ;
; |gray_to_bin|lpm_mux:Mux2|mux_joc:auto_generated|_~1              ; |gray_to_bin|lpm_mux:Mux2|mux_joc:auto_generated|_~1              ; out0             ;
; |gray_to_bin|lpm_mux:Mux2|mux_joc:auto_generated|_~2              ; |gray_to_bin|lpm_mux:Mux2|mux_joc:auto_generated|_~2              ; out0             ;
; |gray_to_bin|lpm_mux:Mux2|mux_joc:auto_generated|_~3              ; |gray_to_bin|lpm_mux:Mux2|mux_joc:auto_generated|_~3              ; out0             ;
; |gray_to_bin|lpm_mux:Mux2|mux_joc:auto_generated|_~4              ; |gray_to_bin|lpm_mux:Mux2|mux_joc:auto_generated|_~4              ; out0             ;
; |gray_to_bin|lpm_mux:Mux2|mux_joc:auto_generated|_~5              ; |gray_to_bin|lpm_mux:Mux2|mux_joc:auto_generated|_~5              ; out0             ;
; |gray_to_bin|lpm_mux:Mux2|mux_joc:auto_generated|_~6              ; |gray_to_bin|lpm_mux:Mux2|mux_joc:auto_generated|_~6              ; out0             ;
; |gray_to_bin|lpm_mux:Mux2|mux_joc:auto_generated|_~7              ; |gray_to_bin|lpm_mux:Mux2|mux_joc:auto_generated|_~7              ; out0             ;
; |gray_to_bin|lpm_mux:Mux2|mux_joc:auto_generated|_~8              ; |gray_to_bin|lpm_mux:Mux2|mux_joc:auto_generated|_~8              ; out0             ;
; |gray_to_bin|lpm_mux:Mux2|mux_joc:auto_generated|_~10             ; |gray_to_bin|lpm_mux:Mux2|mux_joc:auto_generated|_~10             ; out0             ;
; |gray_to_bin|lpm_mux:Mux2|mux_joc:auto_generated|_~11             ; |gray_to_bin|lpm_mux:Mux2|mux_joc:auto_generated|_~11             ; out0             ;
; |gray_to_bin|lpm_mux:Mux2|mux_joc:auto_generated|_~12             ; |gray_to_bin|lpm_mux:Mux2|mux_joc:auto_generated|_~12             ; out0             ;
; |gray_to_bin|lpm_mux:Mux2|mux_joc:auto_generated|_~13             ; |gray_to_bin|lpm_mux:Mux2|mux_joc:auto_generated|_~13             ; out0             ;
; |gray_to_bin|lpm_mux:Mux2|mux_joc:auto_generated|_~14             ; |gray_to_bin|lpm_mux:Mux2|mux_joc:auto_generated|_~14             ; out0             ;
; |gray_to_bin|lpm_mux:Mux2|mux_joc:auto_generated|_~15             ; |gray_to_bin|lpm_mux:Mux2|mux_joc:auto_generated|_~15             ; out0             ;
; |gray_to_bin|lpm_mux:Mux2|mux_joc:auto_generated|_~16             ; |gray_to_bin|lpm_mux:Mux2|mux_joc:auto_generated|_~16             ; out0             ;
; |gray_to_bin|lpm_mux:Mux2|mux_joc:auto_generated|_~17             ; |gray_to_bin|lpm_mux:Mux2|mux_joc:auto_generated|_~17             ; out0             ;
; |gray_to_bin|lpm_mux:Mux2|mux_joc:auto_generated|_~19             ; |gray_to_bin|lpm_mux:Mux2|mux_joc:auto_generated|_~19             ; out0             ;
; |gray_to_bin|lpm_mux:Mux2|mux_joc:auto_generated|_~20             ; |gray_to_bin|lpm_mux:Mux2|mux_joc:auto_generated|_~20             ; out0             ;
; |gray_to_bin|lpm_mux:Mux2|mux_joc:auto_generated|_~21             ; |gray_to_bin|lpm_mux:Mux2|mux_joc:auto_generated|_~21             ; out0             ;
; |gray_to_bin|lpm_mux:Mux2|mux_joc:auto_generated|_~22             ; |gray_to_bin|lpm_mux:Mux2|mux_joc:auto_generated|_~22             ; out0             ;
; |gray_to_bin|lpm_mux:Mux2|mux_joc:auto_generated|_~23             ; |gray_to_bin|lpm_mux:Mux2|mux_joc:auto_generated|_~23             ; out0             ;
; |gray_to_bin|lpm_mux:Mux2|mux_joc:auto_generated|_~25             ; |gray_to_bin|lpm_mux:Mux2|mux_joc:auto_generated|_~25             ; out0             ;
; |gray_to_bin|lpm_mux:Mux2|mux_joc:auto_generated|_~28             ; |gray_to_bin|lpm_mux:Mux2|mux_joc:auto_generated|_~28             ; out0             ;
; |gray_to_bin|lpm_mux:Mux2|mux_joc:auto_generated|_~29             ; |gray_to_bin|lpm_mux:Mux2|mux_joc:auto_generated|_~29             ; out0             ;
; |gray_to_bin|lpm_mux:Mux2|mux_joc:auto_generated|_~30             ; |gray_to_bin|lpm_mux:Mux2|mux_joc:auto_generated|_~30             ; out0             ;
; |gray_to_bin|lpm_mux:Mux2|mux_joc:auto_generated|_~31             ; |gray_to_bin|lpm_mux:Mux2|mux_joc:auto_generated|_~31             ; out0             ;
; |gray_to_bin|lpm_mux:Mux2|mux_joc:auto_generated|_~32             ; |gray_to_bin|lpm_mux:Mux2|mux_joc:auto_generated|_~32             ; out0             ;
; |gray_to_bin|lpm_mux:Mux2|mux_joc:auto_generated|_~34             ; |gray_to_bin|lpm_mux:Mux2|mux_joc:auto_generated|_~34             ; out0             ;
; |gray_to_bin|lpm_mux:Mux2|mux_joc:auto_generated|_~37             ; |gray_to_bin|lpm_mux:Mux2|mux_joc:auto_generated|_~37             ; out0             ;
; |gray_to_bin|lpm_mux:Mux2|mux_joc:auto_generated|_~38             ; |gray_to_bin|lpm_mux:Mux2|mux_joc:auto_generated|_~38             ; out0             ;
; |gray_to_bin|lpm_mux:Mux2|mux_joc:auto_generated|_~39             ; |gray_to_bin|lpm_mux:Mux2|mux_joc:auto_generated|_~39             ; out0             ;
; |gray_to_bin|lpm_mux:Mux2|mux_joc:auto_generated|_~40             ; |gray_to_bin|lpm_mux:Mux2|mux_joc:auto_generated|_~40             ; out0             ;
; |gray_to_bin|lpm_mux:Mux2|mux_joc:auto_generated|_~41             ; |gray_to_bin|lpm_mux:Mux2|mux_joc:auto_generated|_~41             ; out0             ;
; |gray_to_bin|lpm_mux:Mux2|mux_joc:auto_generated|_~42             ; |gray_to_bin|lpm_mux:Mux2|mux_joc:auto_generated|_~42             ; out0             ;
; |gray_to_bin|lpm_mux:Mux2|mux_joc:auto_generated|_~43             ; |gray_to_bin|lpm_mux:Mux2|mux_joc:auto_generated|_~43             ; out0             ;
; |gray_to_bin|lpm_mux:Mux2|mux_joc:auto_generated|_~44             ; |gray_to_bin|lpm_mux:Mux2|mux_joc:auto_generated|_~44             ; out0             ;
; |gray_to_bin|lpm_mux:Mux2|mux_joc:auto_generated|_~45             ; |gray_to_bin|lpm_mux:Mux2|mux_joc:auto_generated|_~45             ; out0             ;
; |gray_to_bin|lpm_mux:Mux2|mux_joc:auto_generated|_~46             ; |gray_to_bin|lpm_mux:Mux2|mux_joc:auto_generated|_~46             ; out0             ;
; |gray_to_bin|lpm_mux:Mux2|mux_joc:auto_generated|_~48             ; |gray_to_bin|lpm_mux:Mux2|mux_joc:auto_generated|_~48             ; out0             ;
; |gray_to_bin|lpm_mux:Mux2|mux_joc:auto_generated|_~49             ; |gray_to_bin|lpm_mux:Mux2|mux_joc:auto_generated|_~49             ; out0             ;
; |gray_to_bin|lpm_mux:Mux2|mux_joc:auto_generated|_~50             ; |gray_to_bin|lpm_mux:Mux2|mux_joc:auto_generated|_~50             ; out0             ;
; |gray_to_bin|lpm_mux:Mux2|mux_joc:auto_generated|_~51             ; |gray_to_bin|lpm_mux:Mux2|mux_joc:auto_generated|_~51             ; out0             ;
; |gray_to_bin|lpm_mux:Mux2|mux_joc:auto_generated|_~52             ; |gray_to_bin|lpm_mux:Mux2|mux_joc:auto_generated|_~52             ; out0             ;
; |gray_to_bin|lpm_mux:Mux2|mux_joc:auto_generated|_~53             ; |gray_to_bin|lpm_mux:Mux2|mux_joc:auto_generated|_~53             ; out0             ;
; |gray_to_bin|lpm_mux:Mux2|mux_joc:auto_generated|_~54             ; |gray_to_bin|lpm_mux:Mux2|mux_joc:auto_generated|_~54             ; out0             ;
; |gray_to_bin|lpm_mux:Mux2|mux_joc:auto_generated|_~55             ; |gray_to_bin|lpm_mux:Mux2|mux_joc:auto_generated|_~55             ; out0             ;
; |gray_to_bin|lpm_mux:Mux2|mux_joc:auto_generated|_~57             ; |gray_to_bin|lpm_mux:Mux2|mux_joc:auto_generated|_~57             ; out0             ;
; |gray_to_bin|lpm_mux:Mux2|mux_joc:auto_generated|_~58             ; |gray_to_bin|lpm_mux:Mux2|mux_joc:auto_generated|_~58             ; out0             ;
; |gray_to_bin|lpm_mux:Mux2|mux_joc:auto_generated|_~59             ; |gray_to_bin|lpm_mux:Mux2|mux_joc:auto_generated|_~59             ; out0             ;
; |gray_to_bin|lpm_mux:Mux2|mux_joc:auto_generated|_~60             ; |gray_to_bin|lpm_mux:Mux2|mux_joc:auto_generated|_~60             ; out0             ;
; |gray_to_bin|lpm_mux:Mux2|mux_joc:auto_generated|_~61             ; |gray_to_bin|lpm_mux:Mux2|mux_joc:auto_generated|_~61             ; out0             ;
; |gray_to_bin|lpm_mux:Mux2|mux_joc:auto_generated|_~62             ; |gray_to_bin|lpm_mux:Mux2|mux_joc:auto_generated|_~62             ; out0             ;
; |gray_to_bin|lpm_mux:Mux2|mux_joc:auto_generated|_~63             ; |gray_to_bin|lpm_mux:Mux2|mux_joc:auto_generated|_~63             ; out0             ;
; |gray_to_bin|lpm_mux:Mux2|mux_joc:auto_generated|_~64             ; |gray_to_bin|lpm_mux:Mux2|mux_joc:auto_generated|_~64             ; out0             ;
; |gray_to_bin|lpm_mux:Mux2|mux_joc:auto_generated|_~66             ; |gray_to_bin|lpm_mux:Mux2|mux_joc:auto_generated|_~66             ; out0             ;
; |gray_to_bin|lpm_mux:Mux2|mux_joc:auto_generated|_~67             ; |gray_to_bin|lpm_mux:Mux2|mux_joc:auto_generated|_~67             ; out0             ;
; |gray_to_bin|lpm_mux:Mux2|mux_joc:auto_generated|_~68             ; |gray_to_bin|lpm_mux:Mux2|mux_joc:auto_generated|_~68             ; out0             ;
; |gray_to_bin|lpm_mux:Mux2|mux_joc:auto_generated|_~69             ; |gray_to_bin|lpm_mux:Mux2|mux_joc:auto_generated|_~69             ; out0             ;
; |gray_to_bin|lpm_mux:Mux2|mux_joc:auto_generated|_~70             ; |gray_to_bin|lpm_mux:Mux2|mux_joc:auto_generated|_~70             ; out0             ;
; |gray_to_bin|lpm_mux:Mux2|mux_joc:auto_generated|_~71             ; |gray_to_bin|lpm_mux:Mux2|mux_joc:auto_generated|_~71             ; out0             ;
; |gray_to_bin|lpm_mux:Mux2|mux_joc:auto_generated|result_node[0]~0 ; |gray_to_bin|lpm_mux:Mux2|mux_joc:auto_generated|result_node[0]~0 ; out0             ;
; |gray_to_bin|lpm_mux:Mux2|mux_joc:auto_generated|_~72             ; |gray_to_bin|lpm_mux:Mux2|mux_joc:auto_generated|_~72             ; out0             ;
; |gray_to_bin|lpm_mux:Mux2|mux_joc:auto_generated|_~73             ; |gray_to_bin|lpm_mux:Mux2|mux_joc:auto_generated|_~73             ; out0             ;
; |gray_to_bin|lpm_mux:Mux2|mux_joc:auto_generated|_~75             ; |gray_to_bin|lpm_mux:Mux2|mux_joc:auto_generated|_~75             ; out0             ;
; |gray_to_bin|lpm_mux:Mux2|mux_joc:auto_generated|_~78             ; |gray_to_bin|lpm_mux:Mux2|mux_joc:auto_generated|_~78             ; out0             ;
; |gray_to_bin|lpm_mux:Mux2|mux_joc:auto_generated|_~79             ; |gray_to_bin|lpm_mux:Mux2|mux_joc:auto_generated|_~79             ; out0             ;
; |gray_to_bin|lpm_mux:Mux2|mux_joc:auto_generated|_~80             ; |gray_to_bin|lpm_mux:Mux2|mux_joc:auto_generated|_~80             ; out0             ;
; |gray_to_bin|lpm_mux:Mux2|mux_joc:auto_generated|_~81             ; |gray_to_bin|lpm_mux:Mux2|mux_joc:auto_generated|_~81             ; out0             ;
; |gray_to_bin|lpm_mux:Mux2|mux_joc:auto_generated|_~82             ; |gray_to_bin|lpm_mux:Mux2|mux_joc:auto_generated|_~82             ; out0             ;
; |gray_to_bin|lpm_mux:Mux2|mux_joc:auto_generated|_~84             ; |gray_to_bin|lpm_mux:Mux2|mux_joc:auto_generated|_~84             ; out0             ;
; |gray_to_bin|lpm_mux:Mux2|mux_joc:auto_generated|_~87             ; |gray_to_bin|lpm_mux:Mux2|mux_joc:auto_generated|_~87             ; out0             ;
; |gray_to_bin|lpm_mux:Mux2|mux_joc:auto_generated|_~88             ; |gray_to_bin|lpm_mux:Mux2|mux_joc:auto_generated|_~88             ; out0             ;
; |gray_to_bin|lpm_mux:Mux2|mux_joc:auto_generated|_~89             ; |gray_to_bin|lpm_mux:Mux2|mux_joc:auto_generated|_~89             ; out0             ;
; |gray_to_bin|lpm_mux:Mux2|mux_joc:auto_generated|_~90             ; |gray_to_bin|lpm_mux:Mux2|mux_joc:auto_generated|_~90             ; out0             ;
; |gray_to_bin|lpm_mux:Mux2|mux_joc:auto_generated|_~91             ; |gray_to_bin|lpm_mux:Mux2|mux_joc:auto_generated|_~91             ; out0             ;
; |gray_to_bin|lpm_mux:Mux2|mux_joc:auto_generated|_~92             ; |gray_to_bin|lpm_mux:Mux2|mux_joc:auto_generated|_~92             ; out0             ;
; |gray_to_bin|lpm_mux:Mux2|mux_joc:auto_generated|_~93             ; |gray_to_bin|lpm_mux:Mux2|mux_joc:auto_generated|_~93             ; out0             ;
; |gray_to_bin|lpm_mux:Mux2|mux_joc:auto_generated|_~94             ; |gray_to_bin|lpm_mux:Mux2|mux_joc:auto_generated|_~94             ; out0             ;
; |gray_to_bin|lpm_mux:Mux2|mux_joc:auto_generated|_~95             ; |gray_to_bin|lpm_mux:Mux2|mux_joc:auto_generated|_~95             ; out0             ;
; |gray_to_bin|lpm_mux:Mux2|mux_joc:auto_generated|_~96             ; |gray_to_bin|lpm_mux:Mux2|mux_joc:auto_generated|_~96             ; out0             ;
; |gray_to_bin|lpm_mux:Mux2|mux_joc:auto_generated|_~98             ; |gray_to_bin|lpm_mux:Mux2|mux_joc:auto_generated|_~98             ; out0             ;
; |gray_to_bin|lpm_mux:Mux2|mux_joc:auto_generated|_~99             ; |gray_to_bin|lpm_mux:Mux2|mux_joc:auto_generated|_~99             ; out0             ;
; |gray_to_bin|lpm_mux:Mux2|mux_joc:auto_generated|_~100            ; |gray_to_bin|lpm_mux:Mux2|mux_joc:auto_generated|_~100            ; out0             ;
; |gray_to_bin|lpm_mux:Mux2|mux_joc:auto_generated|_~101            ; |gray_to_bin|lpm_mux:Mux2|mux_joc:auto_generated|_~101            ; out0             ;
; |gray_to_bin|lpm_mux:Mux2|mux_joc:auto_generated|_~102            ; |gray_to_bin|lpm_mux:Mux2|mux_joc:auto_generated|_~102            ; out0             ;
; |gray_to_bin|lpm_mux:Mux2|mux_joc:auto_generated|_~103            ; |gray_to_bin|lpm_mux:Mux2|mux_joc:auto_generated|_~103            ; out0             ;
; |gray_to_bin|lpm_mux:Mux2|mux_joc:auto_generated|_~104            ; |gray_to_bin|lpm_mux:Mux2|mux_joc:auto_generated|_~104            ; out0             ;
; |gray_to_bin|lpm_mux:Mux2|mux_joc:auto_generated|_~105            ; |gray_to_bin|lpm_mux:Mux2|mux_joc:auto_generated|_~105            ; out0             ;
; |gray_to_bin|lpm_mux:Mux2|mux_joc:auto_generated|_~107            ; |gray_to_bin|lpm_mux:Mux2|mux_joc:auto_generated|_~107            ; out0             ;
; |gray_to_bin|lpm_mux:Mux2|mux_joc:auto_generated|_~108            ; |gray_to_bin|lpm_mux:Mux2|mux_joc:auto_generated|_~108            ; out0             ;
; |gray_to_bin|lpm_mux:Mux2|mux_joc:auto_generated|_~109            ; |gray_to_bin|lpm_mux:Mux2|mux_joc:auto_generated|_~109            ; out0             ;
; |gray_to_bin|lpm_mux:Mux2|mux_joc:auto_generated|_~110            ; |gray_to_bin|lpm_mux:Mux2|mux_joc:auto_generated|_~110            ; out0             ;
; |gray_to_bin|lpm_mux:Mux2|mux_joc:auto_generated|_~111            ; |gray_to_bin|lpm_mux:Mux2|mux_joc:auto_generated|_~111            ; out0             ;
; |gray_to_bin|lpm_mux:Mux2|mux_joc:auto_generated|_~112            ; |gray_to_bin|lpm_mux:Mux2|mux_joc:auto_generated|_~112            ; out0             ;
; |gray_to_bin|lpm_mux:Mux2|mux_joc:auto_generated|_~113            ; |gray_to_bin|lpm_mux:Mux2|mux_joc:auto_generated|_~113            ; out0             ;
; |gray_to_bin|lpm_mux:Mux2|mux_joc:auto_generated|_~114            ; |gray_to_bin|lpm_mux:Mux2|mux_joc:auto_generated|_~114            ; out0             ;
; |gray_to_bin|lpm_mux:Mux2|mux_joc:auto_generated|_~116            ; |gray_to_bin|lpm_mux:Mux2|mux_joc:auto_generated|_~116            ; out0             ;
; |gray_to_bin|lpm_mux:Mux2|mux_joc:auto_generated|_~117            ; |gray_to_bin|lpm_mux:Mux2|mux_joc:auto_generated|_~117            ; out0             ;
; |gray_to_bin|lpm_mux:Mux2|mux_joc:auto_generated|_~118            ; |gray_to_bin|lpm_mux:Mux2|mux_joc:auto_generated|_~118            ; out0             ;
; |gray_to_bin|lpm_mux:Mux2|mux_joc:auto_generated|_~119            ; |gray_to_bin|lpm_mux:Mux2|mux_joc:auto_generated|_~119            ; out0             ;
; |gray_to_bin|lpm_mux:Mux2|mux_joc:auto_generated|_~120            ; |gray_to_bin|lpm_mux:Mux2|mux_joc:auto_generated|_~120            ; out0             ;
; |gray_to_bin|lpm_mux:Mux2|mux_joc:auto_generated|_~121            ; |gray_to_bin|lpm_mux:Mux2|mux_joc:auto_generated|_~121            ; out0             ;
; |gray_to_bin|lpm_mux:Mux2|mux_joc:auto_generated|_~122            ; |gray_to_bin|lpm_mux:Mux2|mux_joc:auto_generated|_~122            ; out0             ;
; |gray_to_bin|lpm_mux:Mux2|mux_joc:auto_generated|_~124            ; |gray_to_bin|lpm_mux:Mux2|mux_joc:auto_generated|_~124            ; out0             ;
; |gray_to_bin|lpm_mux:Mux2|mux_joc:auto_generated|_~127            ; |gray_to_bin|lpm_mux:Mux2|mux_joc:auto_generated|_~127            ; out0             ;
; |gray_to_bin|lpm_mux:Mux2|mux_joc:auto_generated|_~128            ; |gray_to_bin|lpm_mux:Mux2|mux_joc:auto_generated|_~128            ; out0             ;
; |gray_to_bin|lpm_mux:Mux2|mux_joc:auto_generated|_~129            ; |gray_to_bin|lpm_mux:Mux2|mux_joc:auto_generated|_~129            ; out0             ;
; |gray_to_bin|lpm_mux:Mux2|mux_joc:auto_generated|_~130            ; |gray_to_bin|lpm_mux:Mux2|mux_joc:auto_generated|_~130            ; out0             ;
; |gray_to_bin|lpm_mux:Mux2|mux_joc:auto_generated|_~131            ; |gray_to_bin|lpm_mux:Mux2|mux_joc:auto_generated|_~131            ; out0             ;
; |gray_to_bin|lpm_mux:Mux2|mux_joc:auto_generated|_~133            ; |gray_to_bin|lpm_mux:Mux2|mux_joc:auto_generated|_~133            ; out0             ;
; |gray_to_bin|lpm_mux:Mux2|mux_joc:auto_generated|_~136            ; |gray_to_bin|lpm_mux:Mux2|mux_joc:auto_generated|_~136            ; out0             ;
; |gray_to_bin|lpm_mux:Mux2|mux_joc:auto_generated|_~137            ; |gray_to_bin|lpm_mux:Mux2|mux_joc:auto_generated|_~137            ; out0             ;
; |gray_to_bin|lpm_mux:Mux2|mux_joc:auto_generated|_~138            ; |gray_to_bin|lpm_mux:Mux2|mux_joc:auto_generated|_~138            ; out0             ;
; |gray_to_bin|lpm_mux:Mux2|mux_joc:auto_generated|_~139            ; |gray_to_bin|lpm_mux:Mux2|mux_joc:auto_generated|_~139            ; out0             ;
; |gray_to_bin|lpm_mux:Mux2|mux_joc:auto_generated|_~140            ; |gray_to_bin|lpm_mux:Mux2|mux_joc:auto_generated|_~140            ; out0             ;
; |gray_to_bin|lpm_mux:Mux2|mux_joc:auto_generated|_~141            ; |gray_to_bin|lpm_mux:Mux2|mux_joc:auto_generated|_~141            ; out0             ;
; |gray_to_bin|lpm_mux:Mux2|mux_joc:auto_generated|_~142            ; |gray_to_bin|lpm_mux:Mux2|mux_joc:auto_generated|_~142            ; out0             ;
; |gray_to_bin|lpm_mux:Mux2|mux_joc:auto_generated|_~143            ; |gray_to_bin|lpm_mux:Mux2|mux_joc:auto_generated|_~143            ; out0             ;
; |gray_to_bin|lpm_mux:Mux2|mux_joc:auto_generated|result_node[0]~1 ; |gray_to_bin|lpm_mux:Mux2|mux_joc:auto_generated|result_node[0]~1 ; out0             ;
; |gray_to_bin|lpm_mux:Mux2|mux_joc:auto_generated|result_node[0]   ; |gray_to_bin|lpm_mux:Mux2|mux_joc:auto_generated|result_node[0]   ; out0             ;
; |gray_to_bin|lpm_mux:Mux1|mux_3nc:auto_generated|_~1              ; |gray_to_bin|lpm_mux:Mux1|mux_3nc:auto_generated|_~1              ; out0             ;
; |gray_to_bin|lpm_mux:Mux1|mux_3nc:auto_generated|_~2              ; |gray_to_bin|lpm_mux:Mux1|mux_3nc:auto_generated|_~2              ; out0             ;
; |gray_to_bin|lpm_mux:Mux1|mux_3nc:auto_generated|_~3              ; |gray_to_bin|lpm_mux:Mux1|mux_3nc:auto_generated|_~3              ; out0             ;
; |gray_to_bin|lpm_mux:Mux1|mux_3nc:auto_generated|_~4              ; |gray_to_bin|lpm_mux:Mux1|mux_3nc:auto_generated|_~4              ; out0             ;
; |gray_to_bin|lpm_mux:Mux1|mux_3nc:auto_generated|_~5              ; |gray_to_bin|lpm_mux:Mux1|mux_3nc:auto_generated|_~5              ; out0             ;
; |gray_to_bin|lpm_mux:Mux1|mux_3nc:auto_generated|_~6              ; |gray_to_bin|lpm_mux:Mux1|mux_3nc:auto_generated|_~6              ; out0             ;
; |gray_to_bin|lpm_mux:Mux1|mux_3nc:auto_generated|_~7              ; |gray_to_bin|lpm_mux:Mux1|mux_3nc:auto_generated|_~7              ; out0             ;
; |gray_to_bin|lpm_mux:Mux1|mux_3nc:auto_generated|_~8              ; |gray_to_bin|lpm_mux:Mux1|mux_3nc:auto_generated|_~8              ; out0             ;
; |gray_to_bin|lpm_mux:Mux1|mux_3nc:auto_generated|_~10             ; |gray_to_bin|lpm_mux:Mux1|mux_3nc:auto_generated|_~10             ; out0             ;
; |gray_to_bin|lpm_mux:Mux1|mux_3nc:auto_generated|_~11             ; |gray_to_bin|lpm_mux:Mux1|mux_3nc:auto_generated|_~11             ; out0             ;
; |gray_to_bin|lpm_mux:Mux1|mux_3nc:auto_generated|_~12             ; |gray_to_bin|lpm_mux:Mux1|mux_3nc:auto_generated|_~12             ; out0             ;
; |gray_to_bin|lpm_mux:Mux1|mux_3nc:auto_generated|_~13             ; |gray_to_bin|lpm_mux:Mux1|mux_3nc:auto_generated|_~13             ; out0             ;
; |gray_to_bin|lpm_mux:Mux1|mux_3nc:auto_generated|_~14             ; |gray_to_bin|lpm_mux:Mux1|mux_3nc:auto_generated|_~14             ; out0             ;
; |gray_to_bin|lpm_mux:Mux1|mux_3nc:auto_generated|_~15             ; |gray_to_bin|lpm_mux:Mux1|mux_3nc:auto_generated|_~15             ; out0             ;
; |gray_to_bin|lpm_mux:Mux1|mux_3nc:auto_generated|_~16             ; |gray_to_bin|lpm_mux:Mux1|mux_3nc:auto_generated|_~16             ; out0             ;
; |gray_to_bin|lpm_mux:Mux1|mux_3nc:auto_generated|_~17             ; |gray_to_bin|lpm_mux:Mux1|mux_3nc:auto_generated|_~17             ; out0             ;
; |gray_to_bin|lpm_mux:Mux1|mux_3nc:auto_generated|_~19             ; |gray_to_bin|lpm_mux:Mux1|mux_3nc:auto_generated|_~19             ; out0             ;
; |gray_to_bin|lpm_mux:Mux1|mux_3nc:auto_generated|_~20             ; |gray_to_bin|lpm_mux:Mux1|mux_3nc:auto_generated|_~20             ; out0             ;
; |gray_to_bin|lpm_mux:Mux1|mux_3nc:auto_generated|result_node[0]~0 ; |gray_to_bin|lpm_mux:Mux1|mux_3nc:auto_generated|result_node[0]~0 ; out0             ;
; |gray_to_bin|lpm_mux:Mux1|mux_3nc:auto_generated|_~21             ; |gray_to_bin|lpm_mux:Mux1|mux_3nc:auto_generated|_~21             ; out0             ;
; |gray_to_bin|lpm_mux:Mux1|mux_3nc:auto_generated|_~22             ; |gray_to_bin|lpm_mux:Mux1|mux_3nc:auto_generated|_~22             ; out0             ;
; |gray_to_bin|lpm_mux:Mux1|mux_3nc:auto_generated|_~23             ; |gray_to_bin|lpm_mux:Mux1|mux_3nc:auto_generated|_~23             ; out0             ;
; |gray_to_bin|lpm_mux:Mux1|mux_3nc:auto_generated|_~25             ; |gray_to_bin|lpm_mux:Mux1|mux_3nc:auto_generated|_~25             ; out0             ;
; |gray_to_bin|lpm_mux:Mux1|mux_3nc:auto_generated|_~28             ; |gray_to_bin|lpm_mux:Mux1|mux_3nc:auto_generated|_~28             ; out0             ;
; |gray_to_bin|lpm_mux:Mux1|mux_3nc:auto_generated|_~29             ; |gray_to_bin|lpm_mux:Mux1|mux_3nc:auto_generated|_~29             ; out0             ;
; |gray_to_bin|lpm_mux:Mux1|mux_3nc:auto_generated|_~30             ; |gray_to_bin|lpm_mux:Mux1|mux_3nc:auto_generated|_~30             ; out0             ;
; |gray_to_bin|lpm_mux:Mux1|mux_3nc:auto_generated|_~31             ; |gray_to_bin|lpm_mux:Mux1|mux_3nc:auto_generated|_~31             ; out0             ;
; |gray_to_bin|lpm_mux:Mux1|mux_3nc:auto_generated|_~32             ; |gray_to_bin|lpm_mux:Mux1|mux_3nc:auto_generated|_~32             ; out0             ;
; |gray_to_bin|lpm_mux:Mux1|mux_3nc:auto_generated|_~34             ; |gray_to_bin|lpm_mux:Mux1|mux_3nc:auto_generated|_~34             ; out0             ;
; |gray_to_bin|lpm_mux:Mux1|mux_3nc:auto_generated|_~37             ; |gray_to_bin|lpm_mux:Mux1|mux_3nc:auto_generated|_~37             ; out0             ;
; |gray_to_bin|lpm_mux:Mux1|mux_3nc:auto_generated|_~38             ; |gray_to_bin|lpm_mux:Mux1|mux_3nc:auto_generated|_~38             ; out0             ;
; |gray_to_bin|lpm_mux:Mux1|mux_3nc:auto_generated|_~39             ; |gray_to_bin|lpm_mux:Mux1|mux_3nc:auto_generated|_~39             ; out0             ;
; |gray_to_bin|lpm_mux:Mux1|mux_3nc:auto_generated|_~40             ; |gray_to_bin|lpm_mux:Mux1|mux_3nc:auto_generated|_~40             ; out0             ;
; |gray_to_bin|lpm_mux:Mux1|mux_3nc:auto_generated|_~41             ; |gray_to_bin|lpm_mux:Mux1|mux_3nc:auto_generated|_~41             ; out0             ;
; |gray_to_bin|lpm_mux:Mux1|mux_3nc:auto_generated|_~42             ; |gray_to_bin|lpm_mux:Mux1|mux_3nc:auto_generated|_~42             ; out0             ;
; |gray_to_bin|lpm_mux:Mux1|mux_3nc:auto_generated|result_node[0]~1 ; |gray_to_bin|lpm_mux:Mux1|mux_3nc:auto_generated|result_node[0]~1 ; out0             ;
; |gray_to_bin|lpm_mux:Mux1|mux_3nc:auto_generated|result_node[0]   ; |gray_to_bin|lpm_mux:Mux1|mux_3nc:auto_generated|result_node[0]   ; out0             ;
; |gray_to_bin|lpm_mux:Mux0|mux_umc:auto_generated|_~0              ; |gray_to_bin|lpm_mux:Mux0|mux_umc:auto_generated|_~0              ; out0             ;
; |gray_to_bin|lpm_mux:Mux0|mux_umc:auto_generated|_~1              ; |gray_to_bin|lpm_mux:Mux0|mux_umc:auto_generated|_~1              ; out0             ;
; |gray_to_bin|lpm_mux:Mux0|mux_umc:auto_generated|_~3              ; |gray_to_bin|lpm_mux:Mux0|mux_umc:auto_generated|_~3              ; out0             ;
; |gray_to_bin|lpm_mux:Mux0|mux_umc:auto_generated|_~6              ; |gray_to_bin|lpm_mux:Mux0|mux_umc:auto_generated|_~6              ; out0             ;
; |gray_to_bin|lpm_mux:Mux0|mux_umc:auto_generated|_~7              ; |gray_to_bin|lpm_mux:Mux0|mux_umc:auto_generated|_~7              ; out0             ;
; |gray_to_bin|lpm_mux:Mux0|mux_umc:auto_generated|_~8              ; |gray_to_bin|lpm_mux:Mux0|mux_umc:auto_generated|_~8              ; out0             ;
; |gray_to_bin|lpm_mux:Mux0|mux_umc:auto_generated|result_node[0]~0 ; |gray_to_bin|lpm_mux:Mux0|mux_umc:auto_generated|result_node[0]~0 ; out0             ;
; |gray_to_bin|lpm_mux:Mux0|mux_umc:auto_generated|_~9              ; |gray_to_bin|lpm_mux:Mux0|mux_umc:auto_generated|_~9              ; out0             ;
; |gray_to_bin|lpm_mux:Mux0|mux_umc:auto_generated|_~11             ; |gray_to_bin|lpm_mux:Mux0|mux_umc:auto_generated|_~11             ; out0             ;
; |gray_to_bin|lpm_mux:Mux0|mux_umc:auto_generated|_~14             ; |gray_to_bin|lpm_mux:Mux0|mux_umc:auto_generated|_~14             ; out0             ;
; |gray_to_bin|lpm_mux:Mux0|mux_umc:auto_generated|_~15             ; |gray_to_bin|lpm_mux:Mux0|mux_umc:auto_generated|_~15             ; out0             ;
; |gray_to_bin|lpm_mux:Mux0|mux_umc:auto_generated|_~16             ; |gray_to_bin|lpm_mux:Mux0|mux_umc:auto_generated|_~16             ; out0             ;
; |gray_to_bin|lpm_mux:Mux0|mux_umc:auto_generated|_~17             ; |gray_to_bin|lpm_mux:Mux0|mux_umc:auto_generated|_~17             ; out0             ;
; |gray_to_bin|lpm_mux:Mux0|mux_umc:auto_generated|result_node[0]~1 ; |gray_to_bin|lpm_mux:Mux0|mux_umc:auto_generated|result_node[0]~1 ; out0             ;
; |gray_to_bin|lpm_mux:Mux0|mux_umc:auto_generated|result_node[0]   ; |gray_to_bin|lpm_mux:Mux0|mux_umc:auto_generated|result_node[0]   ; out0             ;
+-------------------------------------------------------------------+-------------------------------------------------------------------+------------------+


The following table displays output ports that do not toggle to 1 during simulation.
+------------------------------------------------------------------------------------------------------------------------------------+
; Missing 1-Value Coverage                                                                                                           ;
+--------------------------------------------------------+--------------------------------------------------------+------------------+
; Node Name                                              ; Output Port Name                                       ; Output Port Type ;
+--------------------------------------------------------+--------------------------------------------------------+------------------+
; |gray_to_bin|lpm_mux:Mux2|mux_joc:auto_generated|_~0   ; |gray_to_bin|lpm_mux:Mux2|mux_joc:auto_generated|_~0   ; out0             ;
; |gray_to_bin|lpm_mux:Mux2|mux_joc:auto_generated|_~9   ; |gray_to_bin|lpm_mux:Mux2|mux_joc:auto_generated|_~9   ; out0             ;
; |gray_to_bin|lpm_mux:Mux2|mux_joc:auto_generated|_~18  ; |gray_to_bin|lpm_mux:Mux2|mux_joc:auto_generated|_~18  ; out0             ;
; |gray_to_bin|lpm_mux:Mux2|mux_joc:auto_generated|_~24  ; |gray_to_bin|lpm_mux:Mux2|mux_joc:auto_generated|_~24  ; out0             ;
; |gray_to_bin|lpm_mux:Mux2|mux_joc:auto_generated|_~26  ; |gray_to_bin|lpm_mux:Mux2|mux_joc:auto_generated|_~26  ; out0             ;
; |gray_to_bin|lpm_mux:Mux2|mux_joc:auto_generated|_~27  ; |gray_to_bin|lpm_mux:Mux2|mux_joc:auto_generated|_~27  ; out0             ;
; |gray_to_bin|lpm_mux:Mux2|mux_joc:auto_generated|_~33  ; |gray_to_bin|lpm_mux:Mux2|mux_joc:auto_generated|_~33  ; out0             ;
; |gray_to_bin|lpm_mux:Mux2|mux_joc:auto_generated|_~35  ; |gray_to_bin|lpm_mux:Mux2|mux_joc:auto_generated|_~35  ; out0             ;
; |gray_to_bin|lpm_mux:Mux2|mux_joc:auto_generated|_~36  ; |gray_to_bin|lpm_mux:Mux2|mux_joc:auto_generated|_~36  ; out0             ;
; |gray_to_bin|lpm_mux:Mux2|mux_joc:auto_generated|_~47  ; |gray_to_bin|lpm_mux:Mux2|mux_joc:auto_generated|_~47  ; out0             ;
; |gray_to_bin|lpm_mux:Mux2|mux_joc:auto_generated|_~56  ; |gray_to_bin|lpm_mux:Mux2|mux_joc:auto_generated|_~56  ; out0             ;
; |gray_to_bin|lpm_mux:Mux2|mux_joc:auto_generated|_~65  ; |gray_to_bin|lpm_mux:Mux2|mux_joc:auto_generated|_~65  ; out0             ;
; |gray_to_bin|lpm_mux:Mux2|mux_joc:auto_generated|_~74  ; |gray_to_bin|lpm_mux:Mux2|mux_joc:auto_generated|_~74  ; out0             ;
; |gray_to_bin|lpm_mux:Mux2|mux_joc:auto_generated|_~76  ; |gray_to_bin|lpm_mux:Mux2|mux_joc:auto_generated|_~76  ; out0             ;
; |gray_to_bin|lpm_mux:Mux2|mux_joc:auto_generated|_~77  ; |gray_to_bin|lpm_mux:Mux2|mux_joc:auto_generated|_~77  ; out0             ;
; |gray_to_bin|lpm_mux:Mux2|mux_joc:auto_generated|_~83  ; |gray_to_bin|lpm_mux:Mux2|mux_joc:auto_generated|_~83  ; out0             ;
; |gray_to_bin|lpm_mux:Mux2|mux_joc:auto_generated|_~85  ; |gray_to_bin|lpm_mux:Mux2|mux_joc:auto_generated|_~85  ; out0             ;
; |gray_to_bin|lpm_mux:Mux2|mux_joc:auto_generated|_~86  ; |gray_to_bin|lpm_mux:Mux2|mux_joc:auto_generated|_~86  ; out0             ;
; |gray_to_bin|lpm_mux:Mux2|mux_joc:auto_generated|_~97  ; |gray_to_bin|lpm_mux:Mux2|mux_joc:auto_generated|_~97  ; out0             ;
; |gray_to_bin|lpm_mux:Mux2|mux_joc:auto_generated|_~106 ; |gray_to_bin|lpm_mux:Mux2|mux_joc:auto_generated|_~106 ; out0             ;
; |gray_to_bin|lpm_mux:Mux2|mux_joc:auto_generated|_~115 ; |gray_to_bin|lpm_mux:Mux2|mux_joc:auto_generated|_~115 ; out0             ;
; |gray_to_bin|lpm_mux:Mux2|mux_joc:auto_generated|_~123 ; |gray_to_bin|lpm_mux:Mux2|mux_joc:auto_generated|_~123 ; out0             ;
; |gray_to_bin|lpm_mux:Mux2|mux_joc:auto_generated|_~125 ; |gray_to_bin|lpm_mux:Mux2|mux_joc:auto_generated|_~125 ; out0             ;
; |gray_to_bin|lpm_mux:Mux2|mux_joc:auto_generated|_~126 ; |gray_to_bin|lpm_mux:Mux2|mux_joc:auto_generated|_~126 ; out0             ;
; |gray_to_bin|lpm_mux:Mux2|mux_joc:auto_generated|_~132 ; |gray_to_bin|lpm_mux:Mux2|mux_joc:auto_generated|_~132 ; out0             ;
; |gray_to_bin|lpm_mux:Mux2|mux_joc:auto_generated|_~134 ; |gray_to_bin|lpm_mux:Mux2|mux_joc:auto_generated|_~134 ; out0             ;
; |gray_to_bin|lpm_mux:Mux2|mux_joc:auto_generated|_~135 ; |gray_to_bin|lpm_mux:Mux2|mux_joc:auto_generated|_~135 ; out0             ;
; |gray_to_bin|lpm_mux:Mux1|mux_3nc:auto_generated|_~0   ; |gray_to_bin|lpm_mux:Mux1|mux_3nc:auto_generated|_~0   ; out0             ;
; |gray_to_bin|lpm_mux:Mux1|mux_3nc:auto_generated|_~9   ; |gray_to_bin|lpm_mux:Mux1|mux_3nc:auto_generated|_~9   ; out0             ;
; |gray_to_bin|lpm_mux:Mux1|mux_3nc:auto_generated|_~18  ; |gray_to_bin|lpm_mux:Mux1|mux_3nc:auto_generated|_~18  ; out0             ;
; |gray_to_bin|lpm_mux:Mux1|mux_3nc:auto_generated|_~24  ; |gray_to_bin|lpm_mux:Mux1|mux_3nc:auto_generated|_~24  ; out0             ;
; |gray_to_bin|lpm_mux:Mux1|mux_3nc:auto_generated|_~26  ; |gray_to_bin|lpm_mux:Mux1|mux_3nc:auto_generated|_~26  ; out0             ;
; |gray_to_bin|lpm_mux:Mux1|mux_3nc:auto_generated|_~27  ; |gray_to_bin|lpm_mux:Mux1|mux_3nc:auto_generated|_~27  ; out0             ;
; |gray_to_bin|lpm_mux:Mux1|mux_3nc:auto_generated|_~33  ; |gray_to_bin|lpm_mux:Mux1|mux_3nc:auto_generated|_~33  ; out0             ;
; |gray_to_bin|lpm_mux:Mux1|mux_3nc:auto_generated|_~35  ; |gray_to_bin|lpm_mux:Mux1|mux_3nc:auto_generated|_~35  ; out0             ;
; |gray_to_bin|lpm_mux:Mux1|mux_3nc:auto_generated|_~36  ; |gray_to_bin|lpm_mux:Mux1|mux_3nc:auto_generated|_~36  ; out0             ;
; |gray_to_bin|lpm_mux:Mux0|mux_umc:auto_generated|_~2   ; |gray_to_bin|lpm_mux:Mux0|mux_umc:auto_generated|_~2   ; out0             ;
; |gray_to_bin|lpm_mux:Mux0|mux_umc:auto_generated|_~4   ; |gray_to_bin|lpm_mux:Mux0|mux_umc:auto_generated|_~4   ; out0             ;
; |gray_to_bin|lpm_mux:Mux0|mux_umc:auto_generated|_~5   ; |gray_to_bin|lpm_mux:Mux0|mux_umc:auto_generated|_~5   ; out0             ;
; |gray_to_bin|lpm_mux:Mux0|mux_umc:auto_generated|_~10  ; |gray_to_bin|lpm_mux:Mux0|mux_umc:auto_generated|_~10  ; out0             ;
; |gray_to_bin|lpm_mux:Mux0|mux_umc:auto_generated|_~12  ; |gray_to_bin|lpm_mux:Mux0|mux_umc:auto_generated|_~12  ; out0             ;
; |gray_to_bin|lpm_mux:Mux0|mux_umc:auto_generated|_~13  ; |gray_to_bin|lpm_mux:Mux0|mux_umc:auto_generated|_~13  ; out0             ;
+--------------------------------------------------------+--------------------------------------------------------+------------------+


The following table displays output ports that do not toggle to 0 during simulation.
+------------------------------------------------------------------------------------------------------------------------------------+
; Missing 0-Value Coverage                                                                                                           ;
+--------------------------------------------------------+--------------------------------------------------------+------------------+
; Node Name                                              ; Output Port Name                                       ; Output Port Type ;
+--------------------------------------------------------+--------------------------------------------------------+------------------+
; |gray_to_bin|lpm_mux:Mux2|mux_joc:auto_generated|_~0   ; |gray_to_bin|lpm_mux:Mux2|mux_joc:auto_generated|_~0   ; out0             ;
; |gray_to_bin|lpm_mux:Mux2|mux_joc:auto_generated|_~9   ; |gray_to_bin|lpm_mux:Mux2|mux_joc:auto_generated|_~9   ; out0             ;
; |gray_to_bin|lpm_mux:Mux2|mux_joc:auto_generated|_~18  ; |gray_to_bin|lpm_mux:Mux2|mux_joc:auto_generated|_~18  ; out0             ;
; |gray_to_bin|lpm_mux:Mux2|mux_joc:auto_generated|_~24  ; |gray_to_bin|lpm_mux:Mux2|mux_joc:auto_generated|_~24  ; out0             ;
; |gray_to_bin|lpm_mux:Mux2|mux_joc:auto_generated|_~26  ; |gray_to_bin|lpm_mux:Mux2|mux_joc:auto_generated|_~26  ; out0             ;
; |gray_to_bin|lpm_mux:Mux2|mux_joc:auto_generated|_~27  ; |gray_to_bin|lpm_mux:Mux2|mux_joc:auto_generated|_~27  ; out0             ;
; |gray_to_bin|lpm_mux:Mux2|mux_joc:auto_generated|_~33  ; |gray_to_bin|lpm_mux:Mux2|mux_joc:auto_generated|_~33  ; out0             ;
; |gray_to_bin|lpm_mux:Mux2|mux_joc:auto_generated|_~35  ; |gray_to_bin|lpm_mux:Mux2|mux_joc:auto_generated|_~35  ; out0             ;
; |gray_to_bin|lpm_mux:Mux2|mux_joc:auto_generated|_~36  ; |gray_to_bin|lpm_mux:Mux2|mux_joc:auto_generated|_~36  ; out0             ;
; |gray_to_bin|lpm_mux:Mux2|mux_joc:auto_generated|_~47  ; |gray_to_bin|lpm_mux:Mux2|mux_joc:auto_generated|_~47  ; out0             ;
; |gray_to_bin|lpm_mux:Mux2|mux_joc:auto_generated|_~56  ; |gray_to_bin|lpm_mux:Mux2|mux_joc:auto_generated|_~56  ; out0             ;
; |gray_to_bin|lpm_mux:Mux2|mux_joc:auto_generated|_~65  ; |gray_to_bin|lpm_mux:Mux2|mux_joc:auto_generated|_~65  ; out0             ;
; |gray_to_bin|lpm_mux:Mux2|mux_joc:auto_generated|_~74  ; |gray_to_bin|lpm_mux:Mux2|mux_joc:auto_generated|_~74  ; out0             ;
; |gray_to_bin|lpm_mux:Mux2|mux_joc:auto_generated|_~76  ; |gray_to_bin|lpm_mux:Mux2|mux_joc:auto_generated|_~76  ; out0             ;
; |gray_to_bin|lpm_mux:Mux2|mux_joc:auto_generated|_~77  ; |gray_to_bin|lpm_mux:Mux2|mux_joc:auto_generated|_~77  ; out0             ;
; |gray_to_bin|lpm_mux:Mux2|mux_joc:auto_generated|_~83  ; |gray_to_bin|lpm_mux:Mux2|mux_joc:auto_generated|_~83  ; out0             ;
; |gray_to_bin|lpm_mux:Mux2|mux_joc:auto_generated|_~85  ; |gray_to_bin|lpm_mux:Mux2|mux_joc:auto_generated|_~85  ; out0             ;
; |gray_to_bin|lpm_mux:Mux2|mux_joc:auto_generated|_~86  ; |gray_to_bin|lpm_mux:Mux2|mux_joc:auto_generated|_~86  ; out0             ;
; |gray_to_bin|lpm_mux:Mux2|mux_joc:auto_generated|_~97  ; |gray_to_bin|lpm_mux:Mux2|mux_joc:auto_generated|_~97  ; out0             ;
; |gray_to_bin|lpm_mux:Mux2|mux_joc:auto_generated|_~106 ; |gray_to_bin|lpm_mux:Mux2|mux_joc:auto_generated|_~106 ; out0             ;
; |gray_to_bin|lpm_mux:Mux2|mux_joc:auto_generated|_~115 ; |gray_to_bin|lpm_mux:Mux2|mux_joc:auto_generated|_~115 ; out0             ;
; |gray_to_bin|lpm_mux:Mux2|mux_joc:auto_generated|_~123 ; |gray_to_bin|lpm_mux:Mux2|mux_joc:auto_generated|_~123 ; out0             ;
; |gray_to_bin|lpm_mux:Mux2|mux_joc:auto_generated|_~125 ; |gray_to_bin|lpm_mux:Mux2|mux_joc:auto_generated|_~125 ; out0             ;
; |gray_to_bin|lpm_mux:Mux2|mux_joc:auto_generated|_~126 ; |gray_to_bin|lpm_mux:Mux2|mux_joc:auto_generated|_~126 ; out0             ;
; |gray_to_bin|lpm_mux:Mux2|mux_joc:auto_generated|_~132 ; |gray_to_bin|lpm_mux:Mux2|mux_joc:auto_generated|_~132 ; out0             ;
; |gray_to_bin|lpm_mux:Mux2|mux_joc:auto_generated|_~134 ; |gray_to_bin|lpm_mux:Mux2|mux_joc:auto_generated|_~134 ; out0             ;
; |gray_to_bin|lpm_mux:Mux2|mux_joc:auto_generated|_~135 ; |gray_to_bin|lpm_mux:Mux2|mux_joc:auto_generated|_~135 ; out0             ;
; |gray_to_bin|lpm_mux:Mux1|mux_3nc:auto_generated|_~0   ; |gray_to_bin|lpm_mux:Mux1|mux_3nc:auto_generated|_~0   ; out0             ;
; |gray_to_bin|lpm_mux:Mux1|mux_3nc:auto_generated|_~9   ; |gray_to_bin|lpm_mux:Mux1|mux_3nc:auto_generated|_~9   ; out0             ;
; |gray_to_bin|lpm_mux:Mux1|mux_3nc:auto_generated|_~18  ; |gray_to_bin|lpm_mux:Mux1|mux_3nc:auto_generated|_~18  ; out0             ;
; |gray_to_bin|lpm_mux:Mux1|mux_3nc:auto_generated|_~24  ; |gray_to_bin|lpm_mux:Mux1|mux_3nc:auto_generated|_~24  ; out0             ;
; |gray_to_bin|lpm_mux:Mux1|mux_3nc:auto_generated|_~26  ; |gray_to_bin|lpm_mux:Mux1|mux_3nc:auto_generated|_~26  ; out0             ;
; |gray_to_bin|lpm_mux:Mux1|mux_3nc:auto_generated|_~27  ; |gray_to_bin|lpm_mux:Mux1|mux_3nc:auto_generated|_~27  ; out0             ;
; |gray_to_bin|lpm_mux:Mux1|mux_3nc:auto_generated|_~33  ; |gray_to_bin|lpm_mux:Mux1|mux_3nc:auto_generated|_~33  ; out0             ;
; |gray_to_bin|lpm_mux:Mux1|mux_3nc:auto_generated|_~35  ; |gray_to_bin|lpm_mux:Mux1|mux_3nc:auto_generated|_~35  ; out0             ;
; |gray_to_bin|lpm_mux:Mux1|mux_3nc:auto_generated|_~36  ; |gray_to_bin|lpm_mux:Mux1|mux_3nc:auto_generated|_~36  ; out0             ;
; |gray_to_bin|lpm_mux:Mux0|mux_umc:auto_generated|_~2   ; |gray_to_bin|lpm_mux:Mux0|mux_umc:auto_generated|_~2   ; out0             ;
; |gray_to_bin|lpm_mux:Mux0|mux_umc:auto_generated|_~4   ; |gray_to_bin|lpm_mux:Mux0|mux_umc:auto_generated|_~4   ; out0             ;
; |gray_to_bin|lpm_mux:Mux0|mux_umc:auto_generated|_~5   ; |gray_to_bin|lpm_mux:Mux0|mux_umc:auto_generated|_~5   ; out0             ;
; |gray_to_bin|lpm_mux:Mux0|mux_umc:auto_generated|_~10  ; |gray_to_bin|lpm_mux:Mux0|mux_umc:auto_generated|_~10  ; out0             ;
; |gray_to_bin|lpm_mux:Mux0|mux_umc:auto_generated|_~12  ; |gray_to_bin|lpm_mux:Mux0|mux_umc:auto_generated|_~12  ; out0             ;
; |gray_to_bin|lpm_mux:Mux0|mux_umc:auto_generated|_~13  ; |gray_to_bin|lpm_mux:Mux0|mux_umc:auto_generated|_~13  ; out0             ;
+--------------------------------------------------------+--------------------------------------------------------+------------------+


+---------------------+
; Simulator INI Usage ;
+--------+------------+
; Option ; Usage      ;
+--------+------------+


+--------------------+
; Simulator Messages ;
+--------------------+
Info: *******************************************************************
Info: Running Quartus II 32-bit Simulator
    Info: Version 13.0.1 Build 232 06/12/2013 Service Pack 1 SJ Web Edition
    Info: Processing started: Wed Mar 22 16:52:34 2017
Info: Command: quartus_sim --simulation_results_format=VWF gray_to_bin -c gray_to_bin
Info (324025): Using vector source file "/home/ec2015/ra175281/MC613/gray_to_bin/gray_wf.vwf"
Info (310003): Option to preserve fewer signal transitions to reduce memory requirements is enabled
    Info (310004): Simulation has been partitioned into sub-simulations according to the maximum transition count determined by the engine. Transitions from memory will be flushed out to disk at the end of each sub-simulation to reduce memory requirements.
Info (310002): Simulation partitioned into 1 sub-simulations
Info (328053): Simulation coverage is      81.08 %
Info (328052): Number of transitions in simulation is 6475
Info (324045): Vector file gray_to_bin.sim.vwf is saved in VWF text format. You can compress it into CVWF format in order to reduce file size. For more details please refer to the Quartus II Help.
Info: Quartus II 32-bit Simulator was successful. 0 errors, 0 warnings
    Info: Peak virtual memory: 265 megabytes
    Info: Processing ended: Wed Mar 22 16:52:34 2017
    Info: Elapsed time: 00:00:00
    Info: Total CPU time (on all processors): 00:00:00


