Analysis & Synthesis report for digital_clock
Thu May  4 22:13:16 2017
Quartus II 32-bit Version 13.0.1 Build 232 06/12/2013 Service Pack 1 SJ Web Edition


---------------------
; Table of Contents ;
---------------------
  1. Legal Notice
  2. Analysis & Synthesis Summary
  3. Analysis & Synthesis Settings
  4. Parallel Compilation
  5. Analysis & Synthesis Source Files Read
  6. Analysis & Synthesis Resource Usage Summary
  7. Analysis & Synthesis Resource Utilization by Entity
  8. General Register Statistics
  9. Multiplexer Restructuring Statistics (Restructuring Performed)
 10. Elapsed Time Per Partition
 11. Analysis & Synthesis Messages



----------------
; Legal Notice ;
----------------
Copyright (C) 1991-2013 Altera Corporation
Your use of Altera Corporation's design tools, logic functions 
and other software and tools, and its AMPP partner logic 
functions, and any output files from any of the foregoing 
(including device programming or simulation files), and any 
associated documentation or information are expressly subject 
to the terms and conditions of the Altera Program License 
Subscription Agreement, Altera MegaCore Function License 
Agreement, or other applicable license agreement, including, 
without limitation, that your use is for the sole purpose of 
programming logic devices manufactured by Altera and sold by 
Altera or its authorized distributors.  Please refer to the 
applicable agreement for further details.



+--------------------------------------------------------------------------------------+
; Analysis & Synthesis Summary                                                         ;
+------------------------------------+-------------------------------------------------+
; Analysis & Synthesis Status        ; Successful - Thu May  4 22:13:16 2017           ;
; Quartus II 32-bit Version          ; 13.0.1 Build 232 06/12/2013 SP 1 SJ Web Edition ;
; Revision Name                      ; digital_clock                                   ;
; Top-level Entity Name              ; demo_setup                                      ;
; Family                             ; Cyclone II                                      ;
; Total logic elements               ; 154                                             ;
;     Total combinational functions  ; 152                                             ;
;     Dedicated logic registers      ; 50                                              ;
; Total registers                    ; 50                                              ;
; Total pins                         ; 61                                              ;
; Total virtual pins                 ; 0                                               ;
; Total memory bits                  ; 0                                               ;
; Embedded Multiplier 9-bit elements ; 0                                               ;
; Total PLLs                         ; 0                                               ;
+------------------------------------+-------------------------------------------------+


+----------------------------------------------------------------------------------------------------------------------+
; Analysis & Synthesis Settings                                                                                        ;
+----------------------------------------------------------------------------+--------------------+--------------------+
; Option                                                                     ; Setting            ; Default Value      ;
+----------------------------------------------------------------------------+--------------------+--------------------+
; Device                                                                     ; EP2C20F484C7       ;                    ;
; Top-level entity name                                                      ; demo_setup         ; digital_clock      ;
; Family name                                                                ; Cyclone II         ; Cyclone IV GX      ;
; Use smart compilation                                                      ; Off                ; Off                ;
; Enable parallel Assembler and TimeQuest Timing Analyzer during compilation ; On                 ; On                 ;
; Enable compact report table                                                ; Off                ; Off                ;
; Restructure Multiplexers                                                   ; Auto               ; Auto               ;
; Create Debugging Nodes for IP Cores                                        ; Off                ; Off                ;
; Preserve fewer node names                                                  ; On                 ; On                 ;
; Disable OpenCore Plus hardware evaluation                                  ; Off                ; Off                ;
; Verilog Version                                                            ; Verilog_2001       ; Verilog_2001       ;
; VHDL Version                                                               ; VHDL_1993          ; VHDL_1993          ;
; State Machine Processing                                                   ; Auto               ; Auto               ;
; Safe State Machine                                                         ; Off                ; Off                ;
; Extract Verilog State Machines                                             ; On                 ; On                 ;
; Extract VHDL State Machines                                                ; On                 ; On                 ;
; Ignore Verilog initial constructs                                          ; Off                ; Off                ;
; Iteration limit for constant Verilog loops                                 ; 5000               ; 5000               ;
; Iteration limit for non-constant Verilog loops                             ; 250                ; 250                ;
; Add Pass-Through Logic to Inferred RAMs                                    ; On                 ; On                 ;
; Infer RAMs from Raw Logic                                                  ; On                 ; On                 ;
; Parallel Synthesis                                                         ; On                 ; On                 ;
; DSP Block Balancing                                                        ; Auto               ; Auto               ;
; NOT Gate Push-Back                                                         ; On                 ; On                 ;
; Power-Up Don't Care                                                        ; On                 ; On                 ;
; Remove Redundant Logic Cells                                               ; Off                ; Off                ;
; Remove Duplicate Registers                                                 ; On                 ; On                 ;
; Ignore CARRY Buffers                                                       ; Off                ; Off                ;
; Ignore CASCADE Buffers                                                     ; Off                ; Off                ;
; Ignore GLOBAL Buffers                                                      ; Off                ; Off                ;
; Ignore ROW GLOBAL Buffers                                                  ; Off                ; Off                ;
; Ignore LCELL Buffers                                                       ; Off                ; Off                ;
; Ignore SOFT Buffers                                                        ; On                 ; On                 ;
; Limit AHDL Integers to 32 Bits                                             ; Off                ; Off                ;
; Optimization Technique                                                     ; Balanced           ; Balanced           ;
; Carry Chain Length                                                         ; 70                 ; 70                 ;
; Auto Carry Chains                                                          ; On                 ; On                 ;
; Auto Open-Drain Pins                                                       ; On                 ; On                 ;
; Perform WYSIWYG Primitive Resynthesis                                      ; Off                ; Off                ;
; Auto ROM Replacement                                                       ; On                 ; On                 ;
; Auto RAM Replacement                                                       ; On                 ; On                 ;
; Auto Shift Register Replacement                                            ; Auto               ; Auto               ;
; Allow Shift Register Merging across Hierarchies                            ; Auto               ; Auto               ;
; Auto Clock Enable Replacement                                              ; On                 ; On                 ;
; Strict RAM Replacement                                                     ; Off                ; Off                ;
; Allow Synchronous Control Signals                                          ; On                 ; On                 ;
; Force Use of Synchronous Clear Signals                                     ; Off                ; Off                ;
; Auto RAM to Logic Cell Conversion                                          ; Off                ; Off                ;
; Auto Resource Sharing                                                      ; Off                ; Off                ;
; Allow Any RAM Size For Recognition                                         ; Off                ; Off                ;
; Allow Any ROM Size For Recognition                                         ; Off                ; Off                ;
; Allow Any Shift Register Size For Recognition                              ; Off                ; Off                ;
; Use LogicLock Constraints during Resource Balancing                        ; On                 ; On                 ;
; Ignore translate_off and synthesis_off directives                          ; Off                ; Off                ;
; Timing-Driven Synthesis                                                    ; Off                ; Off                ;
; Report Parameter Settings                                                  ; On                 ; On                 ;
; Report Source Assignments                                                  ; On                 ; On                 ;
; Report Connectivity Checks                                                 ; On                 ; On                 ;
; Ignore Maximum Fan-Out Assignments                                         ; Off                ; Off                ;
; Synchronization Register Chain Length                                      ; 2                  ; 2                  ;
; PowerPlay Power Optimization                                               ; Normal compilation ; Normal compilation ;
; HDL message level                                                          ; Level2             ; Level2             ;
; Suppress Register Optimization Related Messages                            ; Off                ; Off                ;
; Number of Removed Registers Reported in Synthesis Report                   ; 5000               ; 5000               ;
; Number of Swept Nodes Reported in Synthesis Report                         ; 5000               ; 5000               ;
; Number of Inverted Registers Reported in Synthesis Report                  ; 100                ; 100                ;
; Clock MUX Protection                                                       ; On                 ; On                 ;
; Auto Gated Clock Conversion                                                ; Off                ; Off                ;
; Block Design Naming                                                        ; Auto               ; Auto               ;
; SDC constraint protection                                                  ; Off                ; Off                ;
; Synthesis Effort                                                           ; Auto               ; Auto               ;
; Shift Register Replacement - Allow Asynchronous Clear Signal               ; On                 ; On                 ;
; Pre-Mapping Resynthesis Optimization                                       ; Off                ; Off                ;
; Analysis & Synthesis Message Level                                         ; Medium             ; Medium             ;
; Disable Register Merging Across Hierarchies                                ; Auto               ; Auto               ;
; Resource Aware Inference For Block RAM                                     ; On                 ; On                 ;
; Synthesis Seed                                                             ; 1                  ; 1                  ;
+----------------------------------------------------------------------------+--------------------+--------------------+


Parallel compilation was disabled, but you have multiple processors available. Enable parallel compilation to reduce compilation time.
+-------------------------------------+
; Parallel Compilation                ;
+----------------------------+--------+
; Processors                 ; Number ;
+----------------------------+--------+
; Number detected on machine ; 4      ;
; Maximum allowed            ; 1      ;
+----------------------------+--------+


+-------------------------------------------------------------------------------------------------------------------------------------------------------------------+
; Analysis & Synthesis Source Files Read                                                                                                                            ;
+-------------------------------------+-----------------+-----------------+-------------------------------------------------------------------------------+---------+
; File Name with User-Entered Path    ; Used in Netlist ; File Type       ; File Name with Absolute Path                                                  ; Library ;
+-------------------------------------+-----------------+-----------------+-------------------------------------------------------------------------------+---------+
; ../bin_7seg/display7seg.vhd         ; yes             ; User VHDL File  ; /home/ec2015/ra171941/Downloads/mc613/bin_7seg/display7seg.vhd                ;         ;
; ../bin_7seg/display7seg_package.vhd ; yes             ; User VHDL File  ; /home/ec2015/ra171941/Downloads/mc613/bin_7seg/display7seg_package.vhd        ;         ;
; clock_divisor.vhd                   ; yes             ; User VHDL File  ; /home/ec2015/ra171941/Downloads/mc613/digital_clock/clock_divisor.vhd         ;         ;
; Relogio.vhd                         ; yes             ; User VHDL File  ; /home/ec2015/ra171941/Downloads/mc613/digital_clock/Relogio.vhd               ;         ;
; clock_divisor_package.vhd           ; yes             ; User VHDL File  ; /home/ec2015/ra171941/Downloads/mc613/digital_clock/clock_divisor_package.vhd ;         ;
; demo_setup.vhd                      ; yes             ; User VHDL File  ; /home/ec2015/ra171941/Downloads/mc613/digital_clock/demo_setup.vhd            ;         ;
; Relogio_package.vhd                 ; yes             ; User VHDL File  ; /home/ec2015/ra171941/Downloads/mc613/digital_clock/Relogio_package.vhd       ;         ;
+-------------------------------------+-----------------+-----------------+-------------------------------------------------------------------------------+---------+


+-----------------------------------------------------+
; Analysis & Synthesis Resource Usage Summary         ;
+---------------------------------------------+-------+
; Resource                                    ; Usage ;
+---------------------------------------------+-------+
; Estimated Total logic elements              ; 154   ;
;                                             ;       ;
; Total combinational functions               ; 152   ;
; Logic element usage by number of LUT inputs ;       ;
;     -- 4 input functions                    ; 74    ;
;     -- 3 input functions                    ; 28    ;
;     -- <=2 input functions                  ; 50    ;
;                                             ;       ;
; Logic elements by mode                      ;       ;
;     -- normal mode                          ; 128   ;
;     -- arithmetic mode                      ; 24    ;
;                                             ;       ;
; Total registers                             ; 50    ;
;     -- Dedicated logic registers            ; 50    ;
;     -- I/O registers                        ; 0     ;
;                                             ;       ;
; I/O pins                                    ; 61    ;
; Embedded Multiplier 9-bit elements          ; 0     ;
; Maximum fan-out node                        ; SW[9] ;
; Maximum fan-out                             ; 38    ;
; Total fan-out                               ; 637   ;
; Average fan-out                             ; 2.42  ;
+---------------------------------------------+-------+


+------------------------------------------------------------------------------------------------------------------------------------------------------------------------------------------------------------------+
; Analysis & Synthesis Resource Utilization by Entity                                                                                                                                                              ;
+----------------------------------+-------------------+--------------+-------------+--------------+---------+-----------+------+--------------+----------------------------------------------------+--------------+
; Compilation Hierarchy Node       ; LC Combinationals ; LC Registers ; Memory Bits ; DSP Elements ; DSP 9x9 ; DSP 18x18 ; Pins ; Virtual Pins ; Full Hierarchy Name                                ; Library Name ;
+----------------------------------+-------------------+--------------+-------------+--------------+---------+-----------+------+--------------+----------------------------------------------------+--------------+
; |demo_setup                      ; 152 (0)           ; 50 (0)       ; 0           ; 0            ; 0       ; 0         ; 61   ; 0            ; |demo_setup                                        ; work         ;
;    |Relogio:clock|               ; 152 (77)          ; 50 (24)      ; 0           ; 0            ; 0       ; 0         ; 0    ; 0            ; |demo_setup|Relogio:clock                          ; work         ;
;       |clock_divisor:div|        ; 47 (47)           ; 26 (26)      ; 0           ; 0            ; 0       ; 0         ; 0    ; 0            ; |demo_setup|Relogio:clock|clock_divisor:div        ; work         ;
;       |display7seg:display_out0| ; 7 (7)             ; 0 (0)        ; 0           ; 0            ; 0       ; 0         ; 0    ; 0            ; |demo_setup|Relogio:clock|display7seg:display_out0 ; work         ;
;       |display7seg:display_out1| ; 7 (7)             ; 0 (0)        ; 0           ; 0            ; 0       ; 0         ; 0    ; 0            ; |demo_setup|Relogio:clock|display7seg:display_out1 ; work         ;
;       |display7seg:display_out2| ; 7 (7)             ; 0 (0)        ; 0           ; 0            ; 0       ; 0         ; 0    ; 0            ; |demo_setup|Relogio:clock|display7seg:display_out2 ; work         ;
;       |display7seg:display_out3| ; 7 (7)             ; 0 (0)        ; 0           ; 0            ; 0       ; 0         ; 0    ; 0            ; |demo_setup|Relogio:clock|display7seg:display_out3 ; work         ;
+----------------------------------+-------------------+--------------+-------------+--------------+---------+-----------+------+--------------+----------------------------------------------------+--------------+
Note: For table entries with two numbers listed, the numbers in parentheses indicate the number of resources of the given type used by the specific entity alone. The numbers listed outside of parentheses indicate the total resources of the given type used by the specific entity and all of its sub-entities in the hierarchy.


+------------------------------------------------------+
; General Register Statistics                          ;
+----------------------------------------------+-------+
; Statistic                                    ; Value ;
+----------------------------------------------+-------+
; Total registers                              ; 50    ;
; Number of registers using Synchronous Clear  ; 0     ;
; Number of registers using Synchronous Load   ; 6     ;
; Number of registers using Asynchronous Clear ; 0     ;
; Number of registers using Asynchronous Load  ; 0     ;
; Number of registers using Clock Enable       ; 20    ;
; Number of registers using Preset             ; 0     ;
+----------------------------------------------+-------+


+--------------------------------------------------------------------------------------------------------------------------------------------------+
; Multiplexer Restructuring Statistics (Restructuring Performed)                                                                                   ;
+--------------------+-----------+---------------+----------------------+------------------------+------------+------------------------------------+
; Multiplexer Inputs ; Bus Width ; Baseline Area ; Area if Restructured ; Saving if Restructured ; Registered ; Example Multiplexer Output         ;
+--------------------+-----------+---------------+----------------------+------------------------+------------+------------------------------------+
; 4:1                ; 4 bits    ; 8 LEs         ; 4 LEs                ; 4 LEs                  ; Yes        ; |demo_setup|Relogio:clock|sec2[3]  ;
; 5:1                ; 4 bits    ; 12 LEs        ; 4 LEs                ; 8 LEs                  ; Yes        ; |demo_setup|Relogio:clock|sec1[2]  ;
; 7:1                ; 4 bits    ; 16 LEs        ; 8 LEs                ; 8 LEs                  ; Yes        ; |demo_setup|Relogio:clock|min2[0]  ;
; 8:1                ; 4 bits    ; 20 LEs        ; 8 LEs                ; 12 LEs                 ; Yes        ; |demo_setup|Relogio:clock|min1[0]  ;
; 10:1               ; 4 bits    ; 24 LEs        ; 8 LEs                ; 16 LEs                 ; Yes        ; |demo_setup|Relogio:clock|hour2[2] ;
; 11:1               ; 4 bits    ; 28 LEs        ; 8 LEs                ; 20 LEs                 ; Yes        ; |demo_setup|Relogio:clock|hour1[3] ;
+--------------------+-----------+---------------+----------------------+------------------------+------------+------------------------------------+


+-------------------------------+
; Elapsed Time Per Partition    ;
+----------------+--------------+
; Partition Name ; Elapsed Time ;
+----------------+--------------+
; Top            ; 00:00:00     ;
+----------------+--------------+


+-------------------------------+
; Analysis & Synthesis Messages ;
+-------------------------------+
Info: *******************************************************************
Info: Running Quartus II 32-bit Analysis & Synthesis
    Info: Version 13.0.1 Build 232 06/12/2013 Service Pack 1 SJ Web Edition
    Info: Processing started: Thu May  4 22:13:14 2017
Info: Command: quartus_map --read_settings_files=on --write_settings_files=off digital_clock -c digital_clock
Warning (20028): Parallel compilation is not licensed and has been disabled
Info (12021): Found 2 design units, including 1 entities, in source file /home/ec2015/ra171941/Downloads/mc613/bin_7seg/display7seg.vhd
    Info (12022): Found design unit 1: display7seg-turnon
    Info (12023): Found entity 1: display7seg
Info (12021): Found 1 design units, including 0 entities, in source file /home/ec2015/ra171941/Downloads/mc613/bin_7seg/display7seg_package.vhd
    Info (12022): Found design unit 1: display7seg_package
Info (12021): Found 1 design units, including 0 entities, in source file /home/ec2015/ra171941/Downloads/mc613/lab08/ffd_package.vhd
    Info (12022): Found design unit 1: ffd_package
Info (12021): Found 2 design units, including 1 entities, in source file /home/ec2015/ra171941/Downloads/mc613/lab08/ffd.vhd
    Info (12022): Found design unit 1: ffd-comportamento
    Info (12023): Found entity 1: ffd
Info (12021): Found 2 design units, including 1 entities, in source file sync_counter.vhd
    Info (12022): Found design unit 1: sync_counter-count
    Info (12023): Found entity 1: sync_counter
Info (12021): Found 2 design units, including 1 entities, in source file counter_mod10.vhd
    Info (12022): Found design unit 1: counter_mod10-count
    Info (12023): Found entity 1: counter_mod10
Info (12021): Found 1 design units, including 0 entities, in source file sync_counter_package.vhd
    Info (12022): Found design unit 1: sync_counter_package
Info (12021): Found 2 design units, including 1 entities, in source file clock_divisor.vhd
    Info (12022): Found design unit 1: clock_divisor-logic
    Info (12023): Found entity 1: clock_divisor
Info (12021): Found 2 design units, including 1 entities, in source file Relogio.vhd
    Info (12022): Found design unit 1: Relogio-logic
    Info (12023): Found entity 1: Relogio
Info (12021): Found 1 design units, including 0 entities, in source file clock_divisor_package.vhd
    Info (12022): Found design unit 1: clock_divisor_package
Info (12021): Found 1 design units, including 0 entities, in source file counter_mod10_package.vhd
    Info (12022): Found design unit 1: counter_mod10_package
Info (12021): Found 2 design units, including 1 entities, in source file clock_divisor_4.vhd
    Info (12022): Found design unit 1: clock_divisor_4-logic
    Info (12023): Found entity 1: clock_divisor_4
Info (12021): Found 1 design units, including 0 entities, in source file clock_divisor_4_package.vhd
    Info (12022): Found design unit 1: clock_divisor_4_package
Info (12021): Found 2 design units, including 1 entities, in source file demo_setup.vhd
    Info (12022): Found design unit 1: demo_setup-Comportamento
    Info (12023): Found entity 1: demo_setup
Info (12021): Found 1 design units, including 0 entities, in source file Relogio_package.vhd
    Info (12022): Found design unit 1: Relogio_package
Info (12127): Elaborating entity "demo_setup" for the top level hierarchy
Warning (10541): VHDL Signal Declaration warning at demo_setup.vhd(11): used implicit default value for signal "LEDR" because signal was never assigned a value or an explicit default value. Use of implicit default value may introduce unintended design optimizations.
Warning (10541): VHDL Signal Declaration warning at demo_setup.vhd(12): used implicit default value for signal "LEDG" because signal was never assigned a value or an explicit default value. Use of implicit default value may introduce unintended design optimizations.
Info (12128): Elaborating entity "Relogio" for hierarchy "Relogio:clock"
Info (12128): Elaborating entity "clock_divisor" for hierarchy "Relogio:clock|clock_divisor:div"
Info (12128): Elaborating entity "display7seg" for hierarchy "Relogio:clock|display7seg:display_out3"
Warning (13024): Output pins are stuck at VCC or GND
    Warning (13410): Pin "LEDR[0]" is stuck at GND
    Warning (13410): Pin "LEDR[1]" is stuck at GND
    Warning (13410): Pin "LEDR[2]" is stuck at GND
    Warning (13410): Pin "LEDR[3]" is stuck at GND
    Warning (13410): Pin "LEDR[4]" is stuck at GND
    Warning (13410): Pin "LEDR[5]" is stuck at GND
    Warning (13410): Pin "LEDR[6]" is stuck at GND
    Warning (13410): Pin "LEDR[7]" is stuck at GND
    Warning (13410): Pin "LEDR[8]" is stuck at GND
    Warning (13410): Pin "LEDR[9]" is stuck at GND
    Warning (13410): Pin "LEDG[0]" is stuck at GND
    Warning (13410): Pin "LEDG[1]" is stuck at GND
    Warning (13410): Pin "LEDG[2]" is stuck at GND
    Warning (13410): Pin "LEDG[3]" is stuck at GND
    Warning (13410): Pin "LEDG[4]" is stuck at GND
    Warning (13410): Pin "LEDG[5]" is stuck at GND
    Warning (13410): Pin "LEDG[6]" is stuck at GND
    Warning (13410): Pin "LEDG[7]" is stuck at GND
Info (16010): Generating hard_block partition "hard_block:auto_generated_inst"
    Info (16011): Adding 0 node(s), including 0 DDIO, 0 PLL, 0 transceiver and 0 LCELL
Warning (21074): Design contains 5 input pin(s) that do not drive logic
    Warning (15610): No output dependent on input pin "SW[4]"
    Warning (15610): No output dependent on input pin "SW[7]"
    Warning (15610): No output dependent on input pin "KEY[0]"
    Warning (15610): No output dependent on input pin "KEY[2]"
    Warning (15610): No output dependent on input pin "KEY[3]"
Info (21057): Implemented 215 device resources after synthesis - the final resource count might be different
    Info (21058): Implemented 15 input pins
    Info (21059): Implemented 46 output pins
    Info (21061): Implemented 154 logic cells
Info: Quartus II 32-bit Analysis & Synthesis was successful. 0 errors, 28 warnings
    Info: Peak virtual memory: 360 megabytes
    Info: Processing ended: Thu May  4 22:13:16 2017
    Info: Elapsed time: 00:00:02
    Info: Total CPU time (on all processors): 00:00:02


