TimeQuest Timing Analyzer report for fullAdder
Wed Apr 19 16:38:34 2017
Quartus II 32-bit Version 13.0.1 Build 232 06/12/2013 Service Pack 1 SJ Web Edition


---------------------
; Table of Contents ;
---------------------
  1. Legal Notice
  2. TimeQuest Timing Analyzer Summary
  3. Parallel Compilation
  4. Clocks
  5. Slow Model Fmax Summary
  6. Slow Model Setup Summary
  7. Slow Model Hold Summary
  8. Slow Model Recovery Summary
  9. Slow Model Removal Summary
 10. Slow Model Minimum Pulse Width Summary
 11. Propagation Delay
 12. Minimum Propagation Delay
 13. Fast Model Setup Summary
 14. Fast Model Hold Summary
 15. Fast Model Recovery Summary
 16. Fast Model Removal Summary
 17. Fast Model Minimum Pulse Width Summary
 18. Propagation Delay
 19. Minimum Propagation Delay
 20. Multicorner Timing Analysis Summary
 21. Progagation Delay
 22. Minimum Progagation Delay
 23. Clock Transfers
 24. Report TCCS
 25. Report RSKM
 26. Unconstrained Paths
 27. TimeQuest Timing Analyzer Messages



----------------
; Legal Notice ;
----------------
Copyright (C) 1991-2013 Altera Corporation
Your use of Altera Corporation's design tools, logic functions 
and other software and tools, and its AMPP partner logic 
functions, and any output files from any of the foregoing 
(including device programming or simulation files), and any 
associated documentation or information are expressly subject 
to the terms and conditions of the Altera Program License 
Subscription Agreement, Altera MegaCore Function License 
Agreement, or other applicable license agreement, including, 
without limitation, that your use is for the sole purpose of 
programming logic devices manufactured by Altera and sold by 
Altera or its authorized distributors.  Please refer to the 
applicable agreement for further details.



+----------------------------------------------------------------------------------------+
; TimeQuest Timing Analyzer Summary                                                      ;
+--------------------+-------------------------------------------------------------------+
; Quartus II Version ; Version 13.0.1 Build 232 06/12/2013 Service Pack 1 SJ Web Edition ;
; Revision Name      ; fullAdder                                                         ;
; Device Family      ; Cyclone II                                                        ;
; Device Name        ; EP2C20F484C7                                                      ;
; Timing Models      ; Final                                                             ;
; Delay Model        ; Combined                                                          ;
; Rise/Fall Delays   ; Unavailable                                                       ;
+--------------------+-------------------------------------------------------------------+


Parallel compilation was disabled, but you have multiple processors available. Enable parallel compilation to reduce compilation time.
+-------------------------------------+
; Parallel Compilation                ;
+----------------------------+--------+
; Processors                 ; Number ;
+----------------------------+--------+
; Number detected on machine ; 4      ;
; Maximum allowed            ; 1      ;
+----------------------------+--------+


----------
; Clocks ;
----------
No clocks to report.


---------------------------
; Slow Model Fmax Summary ;
---------------------------
No paths to report.


----------------------------
; Slow Model Setup Summary ;
----------------------------
No paths to report.


---------------------------
; Slow Model Hold Summary ;
---------------------------
No paths to report.


-------------------------------
; Slow Model Recovery Summary ;
-------------------------------
No paths to report.


------------------------------
; Slow Model Removal Summary ;
------------------------------
No paths to report.


------------------------------------------
; Slow Model Minimum Pulse Width Summary ;
------------------------------------------
No paths to report.


+--------------------------------------------------------------+
; Propagation Delay                                            ;
+------------+-------------+--------+--------+--------+--------+
; Input Port ; Output Port ; RR     ; RF     ; FR     ; FF     ;
+------------+-------------+--------+--------+--------+--------+
; cin        ; cout        ; 15.582 ;        ;        ; 15.582 ;
; cin        ; s[0]        ; 10.501 ; 10.501 ; 10.501 ; 10.501 ;
; cin        ; s[1]        ; 11.243 ; 11.243 ; 11.243 ; 11.243 ;
; cin        ; s[2]        ; 12.065 ; 12.065 ; 12.065 ; 12.065 ;
; cin        ; s[3]        ; 11.704 ; 11.704 ; 11.704 ; 11.704 ;
; cin        ; s[4]        ; 12.821 ; 12.821 ; 12.821 ; 12.821 ;
; cin        ; s[5]        ; 14.815 ; 14.815 ; 14.815 ; 14.815 ;
; cin        ; s[6]        ; 14.868 ; 14.868 ; 14.868 ; 14.868 ;
; cin        ; s[7]        ; 15.643 ; 15.643 ; 15.643 ; 15.643 ;
; cin        ; v           ; 15.918 ; 15.918 ; 15.918 ; 15.918 ;
; x[0]       ; cout        ; 15.326 ;        ;        ; 15.326 ;
; x[0]       ; s[0]        ; 10.243 ; 10.243 ; 10.243 ; 10.243 ;
; x[0]       ; s[1]        ; 10.987 ; 10.987 ; 10.987 ; 10.987 ;
; x[0]       ; s[2]        ; 11.809 ; 11.809 ; 11.809 ; 11.809 ;
; x[0]       ; s[3]        ; 11.448 ; 11.448 ; 11.448 ; 11.448 ;
; x[0]       ; s[4]        ; 12.565 ; 12.565 ; 12.565 ; 12.565 ;
; x[0]       ; s[5]        ; 14.559 ; 14.559 ; 14.559 ; 14.559 ;
; x[0]       ; s[6]        ; 14.612 ; 14.612 ; 14.612 ; 14.612 ;
; x[0]       ; s[7]        ; 15.387 ; 15.387 ; 15.387 ; 15.387 ;
; x[0]       ; v           ; 15.662 ; 15.662 ; 15.662 ; 15.662 ;
; x[1]       ; cout        ; 15.039 ;        ;        ; 15.039 ;
; x[1]       ; s[1]        ; 10.707 ; 10.707 ; 10.707 ; 10.707 ;
; x[1]       ; s[2]        ; 11.522 ; 11.522 ; 11.522 ; 11.522 ;
; x[1]       ; s[3]        ; 11.161 ; 11.161 ; 11.161 ; 11.161 ;
; x[1]       ; s[4]        ; 12.278 ; 12.278 ; 12.278 ; 12.278 ;
; x[1]       ; s[5]        ; 14.272 ; 14.272 ; 14.272 ; 14.272 ;
; x[1]       ; s[6]        ; 14.325 ; 14.325 ; 14.325 ; 14.325 ;
; x[1]       ; s[7]        ; 15.100 ; 15.100 ; 15.100 ; 15.100 ;
; x[1]       ; v           ; 15.375 ; 15.375 ; 15.375 ; 15.375 ;
; x[2]       ; cout        ; 14.024 ;        ;        ; 14.024 ;
; x[2]       ; s[2]        ; 10.479 ; 10.479 ; 10.479 ; 10.479 ;
; x[2]       ; s[3]        ; 10.119 ; 10.119 ; 10.119 ; 10.119 ;
; x[2]       ; s[4]        ; 11.263 ; 11.263 ; 11.263 ; 11.263 ;
; x[2]       ; s[5]        ; 13.257 ; 13.257 ; 13.257 ; 13.257 ;
; x[2]       ; s[6]        ; 13.310 ; 13.310 ; 13.310 ; 13.310 ;
; x[2]       ; s[7]        ; 14.085 ; 14.085 ; 14.085 ; 14.085 ;
; x[2]       ; v           ; 14.360 ; 14.360 ; 14.360 ; 14.360 ;
; x[3]       ; cout        ; 14.431 ;        ;        ; 14.431 ;
; x[3]       ; s[3]        ; 10.587 ; 10.587 ; 10.587 ; 10.587 ;
; x[3]       ; s[4]        ; 11.670 ; 11.670 ; 11.670 ; 11.670 ;
; x[3]       ; s[5]        ; 13.664 ; 13.664 ; 13.664 ; 13.664 ;
; x[3]       ; s[6]        ; 13.717 ; 13.717 ; 13.717 ; 13.717 ;
; x[3]       ; s[7]        ; 14.492 ; 14.492 ; 14.492 ; 14.492 ;
; x[3]       ; v           ; 14.767 ; 14.767 ; 14.767 ; 14.767 ;
; x[4]       ; cout        ; 13.327 ;        ;        ; 13.327 ;
; x[4]       ; s[4]        ; 10.572 ; 10.572 ; 10.572 ; 10.572 ;
; x[4]       ; s[5]        ; 12.560 ; 12.560 ; 12.560 ; 12.560 ;
; x[4]       ; s[6]        ; 12.613 ; 12.613 ; 12.613 ; 12.613 ;
; x[4]       ; s[7]        ; 13.388 ; 13.388 ; 13.388 ; 13.388 ;
; x[4]       ; v           ; 13.663 ; 13.663 ; 13.663 ; 13.663 ;
; x[5]       ; cout        ; 11.419 ;        ;        ; 11.419 ;
; x[5]       ; s[5]        ; 10.652 ; 10.652 ; 10.652 ; 10.652 ;
; x[5]       ; s[6]        ; 10.705 ; 10.705 ; 10.705 ; 10.705 ;
; x[5]       ; s[7]        ; 11.480 ; 11.480 ; 11.480 ; 11.480 ;
; x[5]       ; v           ; 11.755 ; 11.755 ; 11.755 ; 11.755 ;
; x[6]       ; cout        ; 11.310 ;        ;        ; 11.310 ;
; x[6]       ; s[6]        ; 10.607 ; 10.607 ; 10.607 ; 10.607 ;
; x[6]       ; s[7]        ; 11.371 ; 11.371 ; 11.371 ; 11.371 ;
; x[6]       ; v           ; 11.646 ; 11.646 ; 11.646 ; 11.646 ;
; x[7]       ; cout        ; 10.072 ;        ;        ; 10.072 ;
; x[7]       ; s[7]        ; 10.135 ; 10.135 ; 10.135 ; 10.135 ;
; x[7]       ; v           ; 10.406 ; 10.406 ; 10.406 ; 10.406 ;
; y[0]       ; cout        ; 15.467 ;        ;        ; 15.467 ;
; y[0]       ; s[0]        ; 10.384 ; 10.384 ; 10.384 ; 10.384 ;
; y[0]       ; s[1]        ; 11.128 ; 11.128 ; 11.128 ; 11.128 ;
; y[0]       ; s[2]        ; 11.950 ; 11.950 ; 11.950 ; 11.950 ;
; y[0]       ; s[3]        ; 11.589 ; 11.589 ; 11.589 ; 11.589 ;
; y[0]       ; s[4]        ; 12.706 ; 12.706 ; 12.706 ; 12.706 ;
; y[0]       ; s[5]        ; 14.700 ; 14.700 ; 14.700 ; 14.700 ;
; y[0]       ; s[6]        ; 14.753 ; 14.753 ; 14.753 ; 14.753 ;
; y[0]       ; s[7]        ; 15.528 ; 15.528 ; 15.528 ; 15.528 ;
; y[0]       ; v           ; 15.803 ; 15.803 ; 15.803 ; 15.803 ;
; y[1]       ; cout        ; 15.253 ;        ;        ; 15.253 ;
; y[1]       ; s[1]        ; 10.915 ; 10.915 ; 10.915 ; 10.915 ;
; y[1]       ; s[2]        ; 11.736 ; 11.736 ; 11.736 ; 11.736 ;
; y[1]       ; s[3]        ; 11.375 ; 11.375 ; 11.375 ; 11.375 ;
; y[1]       ; s[4]        ; 12.492 ; 12.492 ; 12.492 ; 12.492 ;
; y[1]       ; s[5]        ; 14.486 ; 14.486 ; 14.486 ; 14.486 ;
; y[1]       ; s[6]        ; 14.539 ; 14.539 ; 14.539 ; 14.539 ;
; y[1]       ; s[7]        ; 15.314 ; 15.314 ; 15.314 ; 15.314 ;
; y[1]       ; v           ; 15.589 ; 15.589 ; 15.589 ; 15.589 ;
; y[2]       ; cout        ; 14.084 ;        ;        ; 14.084 ;
; y[2]       ; s[2]        ; 10.571 ; 10.571 ; 10.571 ; 10.571 ;
; y[2]       ; s[3]        ; 10.211 ; 10.211 ; 10.211 ; 10.211 ;
; y[2]       ; s[4]        ; 11.323 ; 11.323 ; 11.323 ; 11.323 ;
; y[2]       ; s[5]        ; 13.317 ; 13.317 ; 13.317 ; 13.317 ;
; y[2]       ; s[6]        ; 13.370 ; 13.370 ; 13.370 ; 13.370 ;
; y[2]       ; s[7]        ; 14.145 ; 14.145 ; 14.145 ; 14.145 ;
; y[2]       ; v           ; 14.420 ; 14.420 ; 14.420 ; 14.420 ;
; y[3]       ; cout        ; 14.320 ;        ;        ; 14.320 ;
; y[3]       ; s[3]        ; 10.432 ; 10.432 ; 10.432 ; 10.432 ;
; y[3]       ; s[4]        ; 11.559 ; 11.559 ; 11.559 ; 11.559 ;
; y[3]       ; s[5]        ; 13.553 ; 13.553 ; 13.553 ; 13.553 ;
; y[3]       ; s[6]        ; 13.606 ; 13.606 ; 13.606 ; 13.606 ;
; y[3]       ; s[7]        ; 14.381 ; 14.381 ; 14.381 ; 14.381 ;
; y[3]       ; v           ; 14.656 ; 14.656 ; 14.656 ; 14.656 ;
; y[4]       ; cout        ; 13.180 ;        ;        ; 13.180 ;
; y[4]       ; s[4]        ; 10.421 ; 10.421 ; 10.421 ; 10.421 ;
; y[4]       ; s[5]        ; 12.413 ; 12.413 ; 12.413 ; 12.413 ;
; y[4]       ; s[6]        ; 12.466 ; 12.466 ; 12.466 ; 12.466 ;
; y[4]       ; s[7]        ; 13.241 ; 13.241 ; 13.241 ; 13.241 ;
; y[4]       ; v           ; 13.516 ; 13.516 ; 13.516 ; 13.516 ;
; y[5]       ; cout        ; 11.799 ;        ;        ; 11.799 ;
; y[5]       ; s[5]        ; 11.027 ; 11.027 ; 11.027 ; 11.027 ;
; y[5]       ; s[6]        ; 11.085 ; 11.085 ; 11.085 ; 11.085 ;
; y[5]       ; s[7]        ; 11.860 ; 11.860 ; 11.860 ; 11.860 ;
; y[5]       ; v           ; 12.135 ; 12.135 ; 12.135 ; 12.135 ;
; y[6]       ; cout        ; 10.579 ;        ;        ; 10.579 ;
; y[6]       ; s[6]        ; 9.876  ; 9.876  ; 9.876  ; 9.876  ;
; y[6]       ; s[7]        ; 10.640 ; 10.640 ; 10.640 ; 10.640 ;
; y[6]       ; v           ; 10.915 ; 10.915 ; 10.915 ; 10.915 ;
; y[7]       ; cout        ; 9.990  ;        ;        ; 9.990  ;
; y[7]       ; s[7]        ; 10.043 ; 10.043 ; 10.043 ; 10.043 ;
; y[7]       ; v           ; 10.320 ; 10.320 ; 10.320 ; 10.320 ;
+------------+-------------+--------+--------+--------+--------+


+--------------------------------------------------------------+
; Minimum Propagation Delay                                    ;
+------------+-------------+--------+--------+--------+--------+
; Input Port ; Output Port ; RR     ; RF     ; FR     ; FF     ;
+------------+-------------+--------+--------+--------+--------+
; cin        ; cout        ; 15.582 ;        ;        ; 15.582 ;
; cin        ; s[0]        ; 10.501 ; 10.501 ; 10.501 ; 10.501 ;
; cin        ; s[1]        ; 11.243 ; 11.243 ; 11.243 ; 11.243 ;
; cin        ; s[2]        ; 12.065 ; 12.065 ; 12.065 ; 12.065 ;
; cin        ; s[3]        ; 11.704 ; 11.704 ; 11.704 ; 11.704 ;
; cin        ; s[4]        ; 12.821 ; 12.821 ; 12.821 ; 12.821 ;
; cin        ; s[5]        ; 14.815 ; 14.815 ; 14.815 ; 14.815 ;
; cin        ; s[6]        ; 14.868 ; 14.868 ; 14.868 ; 14.868 ;
; cin        ; s[7]        ; 15.643 ; 15.643 ; 15.643 ; 15.643 ;
; cin        ; v           ; 15.918 ; 15.918 ; 15.918 ; 15.918 ;
; x[0]       ; cout        ; 15.326 ;        ;        ; 15.326 ;
; x[0]       ; s[0]        ; 10.243 ; 10.243 ; 10.243 ; 10.243 ;
; x[0]       ; s[1]        ; 10.987 ; 10.987 ; 10.987 ; 10.987 ;
; x[0]       ; s[2]        ; 11.809 ; 11.809 ; 11.809 ; 11.809 ;
; x[0]       ; s[3]        ; 11.448 ; 11.448 ; 11.448 ; 11.448 ;
; x[0]       ; s[4]        ; 12.565 ; 12.565 ; 12.565 ; 12.565 ;
; x[0]       ; s[5]        ; 14.559 ; 14.559 ; 14.559 ; 14.559 ;
; x[0]       ; s[6]        ; 14.612 ; 14.612 ; 14.612 ; 14.612 ;
; x[0]       ; s[7]        ; 15.387 ; 15.387 ; 15.387 ; 15.387 ;
; x[0]       ; v           ; 15.662 ; 15.662 ; 15.662 ; 15.662 ;
; x[1]       ; cout        ; 15.039 ;        ;        ; 15.039 ;
; x[1]       ; s[1]        ; 10.707 ; 10.707 ; 10.707 ; 10.707 ;
; x[1]       ; s[2]        ; 11.522 ; 11.522 ; 11.522 ; 11.522 ;
; x[1]       ; s[3]        ; 11.161 ; 11.161 ; 11.161 ; 11.161 ;
; x[1]       ; s[4]        ; 12.278 ; 12.278 ; 12.278 ; 12.278 ;
; x[1]       ; s[5]        ; 14.272 ; 14.272 ; 14.272 ; 14.272 ;
; x[1]       ; s[6]        ; 14.325 ; 14.325 ; 14.325 ; 14.325 ;
; x[1]       ; s[7]        ; 15.100 ; 15.100 ; 15.100 ; 15.100 ;
; x[1]       ; v           ; 15.375 ; 15.375 ; 15.375 ; 15.375 ;
; x[2]       ; cout        ; 14.024 ;        ;        ; 14.024 ;
; x[2]       ; s[2]        ; 10.479 ; 10.479 ; 10.479 ; 10.479 ;
; x[2]       ; s[3]        ; 10.119 ; 10.119 ; 10.119 ; 10.119 ;
; x[2]       ; s[4]        ; 11.263 ; 11.263 ; 11.263 ; 11.263 ;
; x[2]       ; s[5]        ; 13.257 ; 13.257 ; 13.257 ; 13.257 ;
; x[2]       ; s[6]        ; 13.310 ; 13.310 ; 13.310 ; 13.310 ;
; x[2]       ; s[7]        ; 14.085 ; 14.085 ; 14.085 ; 14.085 ;
; x[2]       ; v           ; 14.360 ; 14.360 ; 14.360 ; 14.360 ;
; x[3]       ; cout        ; 13.984 ;        ;        ; 13.984 ;
; x[3]       ; s[3]        ; 10.587 ; 10.587 ; 10.587 ; 10.587 ;
; x[3]       ; s[4]        ; 11.224 ; 11.224 ; 11.224 ; 11.224 ;
; x[3]       ; s[5]        ; 13.217 ; 13.217 ; 13.217 ; 13.217 ;
; x[3]       ; s[6]        ; 13.270 ; 13.270 ; 13.270 ; 13.270 ;
; x[3]       ; s[7]        ; 14.045 ; 14.045 ; 14.045 ; 14.045 ;
; x[3]       ; v           ; 14.320 ; 14.320 ; 14.320 ; 14.320 ;
; x[4]       ; cout        ; 13.327 ;        ;        ; 13.327 ;
; x[4]       ; s[4]        ; 10.572 ; 10.572 ; 10.572 ; 10.572 ;
; x[4]       ; s[5]        ; 12.560 ; 12.560 ; 12.560 ; 12.560 ;
; x[4]       ; s[6]        ; 12.613 ; 12.613 ; 12.613 ; 12.613 ;
; x[4]       ; s[7]        ; 13.388 ; 13.388 ; 13.388 ; 13.388 ;
; x[4]       ; v           ; 13.663 ; 13.663 ; 13.663 ; 13.663 ;
; x[5]       ; cout        ; 11.419 ;        ;        ; 11.419 ;
; x[5]       ; s[5]        ; 10.652 ; 10.652 ; 10.652 ; 10.652 ;
; x[5]       ; s[6]        ; 10.705 ; 10.705 ; 10.705 ; 10.705 ;
; x[5]       ; s[7]        ; 11.480 ; 11.480 ; 11.480 ; 11.480 ;
; x[5]       ; v           ; 11.755 ; 11.755 ; 11.755 ; 11.755 ;
; x[6]       ; cout        ; 11.310 ;        ;        ; 11.310 ;
; x[6]       ; s[6]        ; 10.607 ; 10.607 ; 10.607 ; 10.607 ;
; x[6]       ; s[7]        ; 11.371 ; 11.371 ; 11.371 ; 11.371 ;
; x[6]       ; v           ; 11.646 ; 11.646 ; 11.646 ; 11.646 ;
; x[7]       ; cout        ; 10.072 ;        ;        ; 10.072 ;
; x[7]       ; s[7]        ; 10.135 ; 10.135 ; 10.135 ; 10.135 ;
; x[7]       ; v           ; 10.406 ; 10.406 ; 10.406 ; 10.406 ;
; y[0]       ; cout        ; 15.467 ;        ;        ; 15.467 ;
; y[0]       ; s[0]        ; 10.384 ; 10.384 ; 10.384 ; 10.384 ;
; y[0]       ; s[1]        ; 11.128 ; 11.128 ; 11.128 ; 11.128 ;
; y[0]       ; s[2]        ; 11.950 ; 11.950 ; 11.950 ; 11.950 ;
; y[0]       ; s[3]        ; 11.589 ; 11.589 ; 11.589 ; 11.589 ;
; y[0]       ; s[4]        ; 12.706 ; 12.706 ; 12.706 ; 12.706 ;
; y[0]       ; s[5]        ; 14.700 ; 14.700 ; 14.700 ; 14.700 ;
; y[0]       ; s[6]        ; 14.753 ; 14.753 ; 14.753 ; 14.753 ;
; y[0]       ; s[7]        ; 15.528 ; 15.528 ; 15.528 ; 15.528 ;
; y[0]       ; v           ; 15.803 ; 15.803 ; 15.803 ; 15.803 ;
; y[1]       ; cout        ; 15.253 ;        ;        ; 15.253 ;
; y[1]       ; s[1]        ; 10.915 ; 10.915 ; 10.915 ; 10.915 ;
; y[1]       ; s[2]        ; 11.736 ; 11.736 ; 11.736 ; 11.736 ;
; y[1]       ; s[3]        ; 11.375 ; 11.375 ; 11.375 ; 11.375 ;
; y[1]       ; s[4]        ; 12.492 ; 12.492 ; 12.492 ; 12.492 ;
; y[1]       ; s[5]        ; 14.486 ; 14.486 ; 14.486 ; 14.486 ;
; y[1]       ; s[6]        ; 14.539 ; 14.539 ; 14.539 ; 14.539 ;
; y[1]       ; s[7]        ; 15.314 ; 15.314 ; 15.314 ; 15.314 ;
; y[1]       ; v           ; 15.589 ; 15.589 ; 15.589 ; 15.589 ;
; y[2]       ; cout        ; 14.084 ;        ;        ; 14.084 ;
; y[2]       ; s[2]        ; 10.571 ; 10.571 ; 10.571 ; 10.571 ;
; y[2]       ; s[3]        ; 10.211 ; 10.211 ; 10.211 ; 10.211 ;
; y[2]       ; s[4]        ; 11.323 ; 11.323 ; 11.323 ; 11.323 ;
; y[2]       ; s[5]        ; 13.317 ; 13.317 ; 13.317 ; 13.317 ;
; y[2]       ; s[6]        ; 13.370 ; 13.370 ; 13.370 ; 13.370 ;
; y[2]       ; s[7]        ; 14.145 ; 14.145 ; 14.145 ; 14.145 ;
; y[2]       ; v           ; 14.420 ; 14.420 ; 14.420 ; 14.420 ;
; y[3]       ; cout        ; 13.825 ;        ;        ; 13.825 ;
; y[3]       ; s[3]        ; 10.432 ; 10.432 ; 10.432 ; 10.432 ;
; y[3]       ; s[4]        ; 11.065 ; 11.065 ; 11.065 ; 11.065 ;
; y[3]       ; s[5]        ; 13.058 ; 13.058 ; 13.058 ; 13.058 ;
; y[3]       ; s[6]        ; 13.111 ; 13.111 ; 13.111 ; 13.111 ;
; y[3]       ; s[7]        ; 13.886 ; 13.886 ; 13.886 ; 13.886 ;
; y[3]       ; v           ; 14.161 ; 14.161 ; 14.161 ; 14.161 ;
; y[4]       ; cout        ; 13.180 ;        ;        ; 13.180 ;
; y[4]       ; s[4]        ; 10.421 ; 10.421 ; 10.421 ; 10.421 ;
; y[4]       ; s[5]        ; 12.413 ; 12.413 ; 12.413 ; 12.413 ;
; y[4]       ; s[6]        ; 12.466 ; 12.466 ; 12.466 ; 12.466 ;
; y[4]       ; s[7]        ; 13.241 ; 13.241 ; 13.241 ; 13.241 ;
; y[4]       ; v           ; 13.516 ; 13.516 ; 13.516 ; 13.516 ;
; y[5]       ; cout        ; 11.799 ;        ;        ; 11.799 ;
; y[5]       ; s[5]        ; 11.027 ; 11.027 ; 11.027 ; 11.027 ;
; y[5]       ; s[6]        ; 11.085 ; 11.085 ; 11.085 ; 11.085 ;
; y[5]       ; s[7]        ; 11.860 ; 11.860 ; 11.860 ; 11.860 ;
; y[5]       ; v           ; 12.135 ; 12.135 ; 12.135 ; 12.135 ;
; y[6]       ; cout        ; 10.579 ;        ;        ; 10.579 ;
; y[6]       ; s[6]        ; 9.876  ; 9.876  ; 9.876  ; 9.876  ;
; y[6]       ; s[7]        ; 10.640 ; 10.640 ; 10.640 ; 10.640 ;
; y[6]       ; v           ; 10.915 ; 10.915 ; 10.915 ; 10.915 ;
; y[7]       ; cout        ; 9.990  ;        ;        ; 9.990  ;
; y[7]       ; s[7]        ; 10.043 ; 10.043 ; 10.043 ; 10.043 ;
; y[7]       ; v           ; 10.320 ; 10.320 ; 10.320 ; 10.320 ;
+------------+-------------+--------+--------+--------+--------+


----------------------------
; Fast Model Setup Summary ;
----------------------------
No paths to report.


---------------------------
; Fast Model Hold Summary ;
---------------------------
No paths to report.


-------------------------------
; Fast Model Recovery Summary ;
-------------------------------
No paths to report.


------------------------------
; Fast Model Removal Summary ;
------------------------------
No paths to report.


------------------------------------------
; Fast Model Minimum Pulse Width Summary ;
------------------------------------------
No paths to report.


+----------------------------------------------------------+
; Propagation Delay                                        ;
+------------+-------------+-------+-------+-------+-------+
; Input Port ; Output Port ; RR    ; RF    ; FR    ; FF    ;
+------------+-------------+-------+-------+-------+-------+
; cin        ; cout        ; 7.096 ;       ;       ; 7.096 ;
; cin        ; s[0]        ; 5.386 ; 5.386 ; 5.386 ; 5.386 ;
; cin        ; s[1]        ; 5.613 ; 5.613 ; 5.613 ; 5.613 ;
; cin        ; s[2]        ; 5.933 ; 5.933 ; 5.933 ; 5.933 ;
; cin        ; s[3]        ; 5.753 ; 5.753 ; 5.753 ; 5.753 ;
; cin        ; s[4]        ; 6.143 ; 6.143 ; 6.143 ; 6.143 ;
; cin        ; s[5]        ; 6.948 ; 6.948 ; 6.948 ; 6.948 ;
; cin        ; s[6]        ; 6.929 ; 6.929 ; 6.929 ; 6.929 ;
; cin        ; s[7]        ; 7.146 ; 7.146 ; 7.146 ; 7.146 ;
; cin        ; v           ; 7.227 ; 7.227 ; 7.227 ; 7.227 ;
; x[0]       ; cout        ; 6.995 ;       ;       ; 6.995 ;
; x[0]       ; s[0]        ; 5.285 ; 5.285 ; 5.285 ; 5.285 ;
; x[0]       ; s[1]        ; 5.512 ; 5.512 ; 5.512 ; 5.512 ;
; x[0]       ; s[2]        ; 5.832 ; 5.832 ; 5.832 ; 5.832 ;
; x[0]       ; s[3]        ; 5.652 ; 5.652 ; 5.652 ; 5.652 ;
; x[0]       ; s[4]        ; 6.042 ; 6.042 ; 6.042 ; 6.042 ;
; x[0]       ; s[5]        ; 6.847 ; 6.847 ; 6.847 ; 6.847 ;
; x[0]       ; s[6]        ; 6.828 ; 6.828 ; 6.828 ; 6.828 ;
; x[0]       ; s[7]        ; 7.045 ; 7.045 ; 7.045 ; 7.045 ;
; x[0]       ; v           ; 7.126 ; 7.126 ; 7.126 ; 7.126 ;
; x[1]       ; cout        ; 6.920 ;       ;       ; 6.920 ;
; x[1]       ; s[1]        ; 5.438 ; 5.438 ; 5.438 ; 5.438 ;
; x[1]       ; s[2]        ; 5.757 ; 5.757 ; 5.757 ; 5.757 ;
; x[1]       ; s[3]        ; 5.577 ; 5.577 ; 5.577 ; 5.577 ;
; x[1]       ; s[4]        ; 5.967 ; 5.967 ; 5.967 ; 5.967 ;
; x[1]       ; s[5]        ; 6.772 ; 6.772 ; 6.772 ; 6.772 ;
; x[1]       ; s[6]        ; 6.753 ; 6.753 ; 6.753 ; 6.753 ;
; x[1]       ; s[7]        ; 6.970 ; 6.970 ; 6.970 ; 6.970 ;
; x[1]       ; v           ; 7.051 ; 7.051 ; 7.051 ; 7.051 ;
; x[2]       ; cout        ; 6.524 ;       ;       ; 6.524 ;
; x[2]       ; s[2]        ; 5.365 ; 5.365 ; 5.365 ; 5.365 ;
; x[2]       ; s[3]        ; 5.186 ; 5.186 ; 5.186 ; 5.186 ;
; x[2]       ; s[4]        ; 5.571 ; 5.571 ; 5.571 ; 5.571 ;
; x[2]       ; s[5]        ; 6.376 ; 6.376 ; 6.376 ; 6.376 ;
; x[2]       ; s[6]        ; 6.357 ; 6.357 ; 6.357 ; 6.357 ;
; x[2]       ; s[7]        ; 6.574 ; 6.574 ; 6.574 ; 6.574 ;
; x[2]       ; v           ; 6.655 ; 6.655 ; 6.655 ; 6.655 ;
; x[3]       ; cout        ; 6.676 ;       ;       ; 6.676 ;
; x[3]       ; s[3]        ; 5.348 ; 5.348 ; 5.348 ; 5.348 ;
; x[3]       ; s[4]        ; 5.723 ; 5.723 ; 5.723 ; 5.723 ;
; x[3]       ; s[5]        ; 6.528 ; 6.528 ; 6.528 ; 6.528 ;
; x[3]       ; s[6]        ; 6.509 ; 6.509 ; 6.509 ; 6.509 ;
; x[3]       ; s[7]        ; 6.726 ; 6.726 ; 6.726 ; 6.726 ;
; x[3]       ; v           ; 6.807 ; 6.807 ; 6.807 ; 6.807 ;
; x[4]       ; cout        ; 6.280 ;       ;       ; 6.280 ;
; x[4]       ; s[4]        ; 5.328 ; 5.328 ; 5.328 ; 5.328 ;
; x[4]       ; s[5]        ; 6.132 ; 6.132 ; 6.132 ; 6.132 ;
; x[4]       ; s[6]        ; 6.113 ; 6.113 ; 6.113 ; 6.113 ;
; x[4]       ; s[7]        ; 6.330 ; 6.330 ; 6.330 ; 6.330 ;
; x[4]       ; v           ; 6.411 ; 6.411 ; 6.411 ; 6.411 ;
; x[5]       ; cout        ; 5.591 ;       ;       ; 5.591 ;
; x[5]       ; s[5]        ; 5.446 ; 5.446 ; 5.446 ; 5.446 ;
; x[5]       ; s[6]        ; 5.424 ; 5.424 ; 5.424 ; 5.424 ;
; x[5]       ; s[7]        ; 5.641 ; 5.641 ; 5.641 ; 5.641 ;
; x[5]       ; v           ; 5.722 ; 5.722 ; 5.722 ; 5.722 ;
; x[6]       ; cout        ; 5.559 ;       ;       ; 5.559 ;
; x[6]       ; s[6]        ; 5.399 ; 5.399 ; 5.399 ; 5.399 ;
; x[6]       ; s[7]        ; 5.609 ; 5.609 ; 5.609 ; 5.609 ;
; x[6]       ; v           ; 5.690 ; 5.690 ; 5.690 ; 5.690 ;
; x[7]       ; cout        ; 5.137 ;       ;       ; 5.137 ;
; x[7]       ; s[7]        ; 5.183 ; 5.183 ; 5.183 ; 5.183 ;
; x[7]       ; v           ; 5.267 ; 5.267 ; 5.267 ; 5.267 ;
; y[0]       ; cout        ; 7.032 ;       ;       ; 7.032 ;
; y[0]       ; s[0]        ; 5.322 ; 5.322 ; 5.322 ; 5.322 ;
; y[0]       ; s[1]        ; 5.549 ; 5.549 ; 5.549 ; 5.549 ;
; y[0]       ; s[2]        ; 5.869 ; 5.869 ; 5.869 ; 5.869 ;
; y[0]       ; s[3]        ; 5.689 ; 5.689 ; 5.689 ; 5.689 ;
; y[0]       ; s[4]        ; 6.079 ; 6.079 ; 6.079 ; 6.079 ;
; y[0]       ; s[5]        ; 6.884 ; 6.884 ; 6.884 ; 6.884 ;
; y[0]       ; s[6]        ; 6.865 ; 6.865 ; 6.865 ; 6.865 ;
; y[0]       ; s[7]        ; 7.082 ; 7.082 ; 7.082 ; 7.082 ;
; y[0]       ; v           ; 7.163 ; 7.163 ; 7.163 ; 7.163 ;
; y[1]       ; cout        ; 6.950 ;       ;       ; 6.950 ;
; y[1]       ; s[1]        ; 5.468 ; 5.468 ; 5.468 ; 5.468 ;
; y[1]       ; s[2]        ; 5.787 ; 5.787 ; 5.787 ; 5.787 ;
; y[1]       ; s[3]        ; 5.607 ; 5.607 ; 5.607 ; 5.607 ;
; y[1]       ; s[4]        ; 5.997 ; 5.997 ; 5.997 ; 5.997 ;
; y[1]       ; s[5]        ; 6.802 ; 6.802 ; 6.802 ; 6.802 ;
; y[1]       ; s[6]        ; 6.783 ; 6.783 ; 6.783 ; 6.783 ;
; y[1]       ; s[7]        ; 7.000 ; 7.000 ; 7.000 ; 7.000 ;
; y[1]       ; v           ; 7.081 ; 7.081 ; 7.081 ; 7.081 ;
; y[2]       ; cout        ; 6.549 ;       ;       ; 6.549 ;
; y[2]       ; s[2]        ; 5.391 ; 5.391 ; 5.391 ; 5.391 ;
; y[2]       ; s[3]        ; 5.211 ; 5.211 ; 5.211 ; 5.211 ;
; y[2]       ; s[4]        ; 5.596 ; 5.596 ; 5.596 ; 5.596 ;
; y[2]       ; s[5]        ; 6.401 ; 6.401 ; 6.401 ; 6.401 ;
; y[2]       ; s[6]        ; 6.382 ; 6.382 ; 6.382 ; 6.382 ;
; y[2]       ; s[7]        ; 6.599 ; 6.599 ; 6.599 ; 6.599 ;
; y[2]       ; v           ; 6.680 ; 6.680 ; 6.680 ; 6.680 ;
; y[3]       ; cout        ; 6.622 ;       ;       ; 6.622 ;
; y[3]       ; s[3]        ; 5.294 ; 5.294 ; 5.294 ; 5.294 ;
; y[3]       ; s[4]        ; 5.669 ; 5.669 ; 5.669 ; 5.669 ;
; y[3]       ; s[5]        ; 6.474 ; 6.474 ; 6.474 ; 6.474 ;
; y[3]       ; s[6]        ; 6.455 ; 6.455 ; 6.455 ; 6.455 ;
; y[3]       ; s[7]        ; 6.672 ; 6.672 ; 6.672 ; 6.672 ;
; y[3]       ; v           ; 6.753 ; 6.753 ; 6.753 ; 6.753 ;
; y[4]       ; cout        ; 6.235 ;       ;       ; 6.235 ;
; y[4]       ; s[4]        ; 5.282 ; 5.282 ; 5.282 ; 5.282 ;
; y[4]       ; s[5]        ; 6.087 ; 6.087 ; 6.087 ; 6.087 ;
; y[4]       ; s[6]        ; 6.068 ; 6.068 ; 6.068 ; 6.068 ;
; y[4]       ; s[7]        ; 6.285 ; 6.285 ; 6.285 ; 6.285 ;
; y[4]       ; v           ; 6.366 ; 6.366 ; 6.366 ; 6.366 ;
; y[5]       ; cout        ; 5.719 ;       ;       ; 5.719 ;
; y[5]       ; s[5]        ; 5.570 ; 5.570 ; 5.570 ; 5.570 ;
; y[5]       ; s[6]        ; 5.552 ; 5.552 ; 5.552 ; 5.552 ;
; y[5]       ; s[7]        ; 5.769 ; 5.769 ; 5.769 ; 5.769 ;
; y[5]       ; v           ; 5.850 ; 5.850 ; 5.850 ; 5.850 ;
; y[6]       ; cout        ; 5.290 ;       ;       ; 5.290 ;
; y[6]       ; s[6]        ; 5.131 ; 5.131 ; 5.131 ; 5.131 ;
; y[6]       ; s[7]        ; 5.340 ; 5.340 ; 5.340 ; 5.340 ;
; y[6]       ; v           ; 5.421 ; 5.421 ; 5.421 ; 5.421 ;
; y[7]       ; cout        ; 5.092 ;       ;       ; 5.092 ;
; y[7]       ; s[7]        ; 5.133 ; 5.133 ; 5.133 ; 5.133 ;
; y[7]       ; v           ; 5.214 ; 5.214 ; 5.214 ; 5.214 ;
+------------+-------------+-------+-------+-------+-------+


+----------------------------------------------------------+
; Minimum Propagation Delay                                ;
+------------+-------------+-------+-------+-------+-------+
; Input Port ; Output Port ; RR    ; RF    ; FR    ; FF    ;
+------------+-------------+-------+-------+-------+-------+
; cin        ; cout        ; 7.096 ;       ;       ; 7.096 ;
; cin        ; s[0]        ; 5.386 ; 5.386 ; 5.386 ; 5.386 ;
; cin        ; s[1]        ; 5.613 ; 5.613 ; 5.613 ; 5.613 ;
; cin        ; s[2]        ; 5.933 ; 5.933 ; 5.933 ; 5.933 ;
; cin        ; s[3]        ; 5.753 ; 5.753 ; 5.753 ; 5.753 ;
; cin        ; s[4]        ; 6.143 ; 6.143 ; 6.143 ; 6.143 ;
; cin        ; s[5]        ; 6.948 ; 6.948 ; 6.948 ; 6.948 ;
; cin        ; s[6]        ; 6.929 ; 6.929 ; 6.929 ; 6.929 ;
; cin        ; s[7]        ; 7.146 ; 7.146 ; 7.146 ; 7.146 ;
; cin        ; v           ; 7.227 ; 7.227 ; 7.227 ; 7.227 ;
; x[0]       ; cout        ; 6.995 ;       ;       ; 6.995 ;
; x[0]       ; s[0]        ; 5.285 ; 5.285 ; 5.285 ; 5.285 ;
; x[0]       ; s[1]        ; 5.512 ; 5.512 ; 5.512 ; 5.512 ;
; x[0]       ; s[2]        ; 5.832 ; 5.832 ; 5.832 ; 5.832 ;
; x[0]       ; s[3]        ; 5.652 ; 5.652 ; 5.652 ; 5.652 ;
; x[0]       ; s[4]        ; 6.042 ; 6.042 ; 6.042 ; 6.042 ;
; x[0]       ; s[5]        ; 6.847 ; 6.847 ; 6.847 ; 6.847 ;
; x[0]       ; s[6]        ; 6.828 ; 6.828 ; 6.828 ; 6.828 ;
; x[0]       ; s[7]        ; 7.045 ; 7.045 ; 7.045 ; 7.045 ;
; x[0]       ; v           ; 7.126 ; 7.126 ; 7.126 ; 7.126 ;
; x[1]       ; cout        ; 6.920 ;       ;       ; 6.920 ;
; x[1]       ; s[1]        ; 5.438 ; 5.438 ; 5.438 ; 5.438 ;
; x[1]       ; s[2]        ; 5.757 ; 5.757 ; 5.757 ; 5.757 ;
; x[1]       ; s[3]        ; 5.577 ; 5.577 ; 5.577 ; 5.577 ;
; x[1]       ; s[4]        ; 5.967 ; 5.967 ; 5.967 ; 5.967 ;
; x[1]       ; s[5]        ; 6.772 ; 6.772 ; 6.772 ; 6.772 ;
; x[1]       ; s[6]        ; 6.753 ; 6.753 ; 6.753 ; 6.753 ;
; x[1]       ; s[7]        ; 6.970 ; 6.970 ; 6.970 ; 6.970 ;
; x[1]       ; v           ; 7.051 ; 7.051 ; 7.051 ; 7.051 ;
; x[2]       ; cout        ; 6.524 ;       ;       ; 6.524 ;
; x[2]       ; s[2]        ; 5.365 ; 5.365 ; 5.365 ; 5.365 ;
; x[2]       ; s[3]        ; 5.186 ; 5.186 ; 5.186 ; 5.186 ;
; x[2]       ; s[4]        ; 5.571 ; 5.571 ; 5.571 ; 5.571 ;
; x[2]       ; s[5]        ; 6.376 ; 6.376 ; 6.376 ; 6.376 ;
; x[2]       ; s[6]        ; 6.357 ; 6.357 ; 6.357 ; 6.357 ;
; x[2]       ; s[7]        ; 6.574 ; 6.574 ; 6.574 ; 6.574 ;
; x[2]       ; v           ; 6.655 ; 6.655 ; 6.655 ; 6.655 ;
; x[3]       ; cout        ; 6.542 ;       ;       ; 6.542 ;
; x[3]       ; s[3]        ; 5.348 ; 5.348 ; 5.348 ; 5.348 ;
; x[3]       ; s[4]        ; 5.587 ; 5.587 ; 5.587 ; 5.587 ;
; x[3]       ; s[5]        ; 6.394 ; 6.394 ; 6.394 ; 6.394 ;
; x[3]       ; s[6]        ; 6.375 ; 6.375 ; 6.375 ; 6.375 ;
; x[3]       ; s[7]        ; 6.592 ; 6.592 ; 6.592 ; 6.592 ;
; x[3]       ; v           ; 6.673 ; 6.673 ; 6.673 ; 6.673 ;
; x[4]       ; cout        ; 6.280 ;       ;       ; 6.280 ;
; x[4]       ; s[4]        ; 5.328 ; 5.328 ; 5.328 ; 5.328 ;
; x[4]       ; s[5]        ; 6.132 ; 6.132 ; 6.132 ; 6.132 ;
; x[4]       ; s[6]        ; 6.113 ; 6.113 ; 6.113 ; 6.113 ;
; x[4]       ; s[7]        ; 6.330 ; 6.330 ; 6.330 ; 6.330 ;
; x[4]       ; v           ; 6.411 ; 6.411 ; 6.411 ; 6.411 ;
; x[5]       ; cout        ; 5.591 ;       ;       ; 5.591 ;
; x[5]       ; s[5]        ; 5.446 ; 5.446 ; 5.446 ; 5.446 ;
; x[5]       ; s[6]        ; 5.424 ; 5.424 ; 5.424 ; 5.424 ;
; x[5]       ; s[7]        ; 5.641 ; 5.641 ; 5.641 ; 5.641 ;
; x[5]       ; v           ; 5.722 ; 5.722 ; 5.722 ; 5.722 ;
; x[6]       ; cout        ; 5.559 ;       ;       ; 5.559 ;
; x[6]       ; s[6]        ; 5.399 ; 5.399 ; 5.399 ; 5.399 ;
; x[6]       ; s[7]        ; 5.609 ; 5.609 ; 5.609 ; 5.609 ;
; x[6]       ; v           ; 5.690 ; 5.690 ; 5.690 ; 5.690 ;
; x[7]       ; cout        ; 5.137 ;       ;       ; 5.137 ;
; x[7]       ; s[7]        ; 5.183 ; 5.183 ; 5.183 ; 5.183 ;
; x[7]       ; v           ; 5.267 ; 5.267 ; 5.267 ; 5.267 ;
; y[0]       ; cout        ; 7.032 ;       ;       ; 7.032 ;
; y[0]       ; s[0]        ; 5.322 ; 5.322 ; 5.322 ; 5.322 ;
; y[0]       ; s[1]        ; 5.549 ; 5.549 ; 5.549 ; 5.549 ;
; y[0]       ; s[2]        ; 5.869 ; 5.869 ; 5.869 ; 5.869 ;
; y[0]       ; s[3]        ; 5.689 ; 5.689 ; 5.689 ; 5.689 ;
; y[0]       ; s[4]        ; 6.079 ; 6.079 ; 6.079 ; 6.079 ;
; y[0]       ; s[5]        ; 6.884 ; 6.884 ; 6.884 ; 6.884 ;
; y[0]       ; s[6]        ; 6.865 ; 6.865 ; 6.865 ; 6.865 ;
; y[0]       ; s[7]        ; 7.082 ; 7.082 ; 7.082 ; 7.082 ;
; y[0]       ; v           ; 7.163 ; 7.163 ; 7.163 ; 7.163 ;
; y[1]       ; cout        ; 6.950 ;       ;       ; 6.950 ;
; y[1]       ; s[1]        ; 5.468 ; 5.468 ; 5.468 ; 5.468 ;
; y[1]       ; s[2]        ; 5.787 ; 5.787 ; 5.787 ; 5.787 ;
; y[1]       ; s[3]        ; 5.607 ; 5.607 ; 5.607 ; 5.607 ;
; y[1]       ; s[4]        ; 5.997 ; 5.997 ; 5.997 ; 5.997 ;
; y[1]       ; s[5]        ; 6.802 ; 6.802 ; 6.802 ; 6.802 ;
; y[1]       ; s[6]        ; 6.783 ; 6.783 ; 6.783 ; 6.783 ;
; y[1]       ; s[7]        ; 7.000 ; 7.000 ; 7.000 ; 7.000 ;
; y[1]       ; v           ; 7.081 ; 7.081 ; 7.081 ; 7.081 ;
; y[2]       ; cout        ; 6.549 ;       ;       ; 6.549 ;
; y[2]       ; s[2]        ; 5.391 ; 5.391 ; 5.391 ; 5.391 ;
; y[2]       ; s[3]        ; 5.211 ; 5.211 ; 5.211 ; 5.211 ;
; y[2]       ; s[4]        ; 5.596 ; 5.596 ; 5.596 ; 5.596 ;
; y[2]       ; s[5]        ; 6.401 ; 6.401 ; 6.401 ; 6.401 ;
; y[2]       ; s[6]        ; 6.382 ; 6.382 ; 6.382 ; 6.382 ;
; y[2]       ; s[7]        ; 6.599 ; 6.599 ; 6.599 ; 6.599 ;
; y[2]       ; v           ; 6.680 ; 6.680 ; 6.680 ; 6.680 ;
; y[3]       ; cout        ; 6.455 ;       ;       ; 6.455 ;
; y[3]       ; s[3]        ; 5.294 ; 5.294 ; 5.294 ; 5.294 ;
; y[3]       ; s[4]        ; 5.500 ; 5.500 ; 5.500 ; 5.500 ;
; y[3]       ; s[5]        ; 6.307 ; 6.307 ; 6.307 ; 6.307 ;
; y[3]       ; s[6]        ; 6.288 ; 6.288 ; 6.288 ; 6.288 ;
; y[3]       ; s[7]        ; 6.505 ; 6.505 ; 6.505 ; 6.505 ;
; y[3]       ; v           ; 6.586 ; 6.586 ; 6.586 ; 6.586 ;
; y[4]       ; cout        ; 6.235 ;       ;       ; 6.235 ;
; y[4]       ; s[4]        ; 5.282 ; 5.282 ; 5.282 ; 5.282 ;
; y[4]       ; s[5]        ; 6.087 ; 6.087 ; 6.087 ; 6.087 ;
; y[4]       ; s[6]        ; 6.068 ; 6.068 ; 6.068 ; 6.068 ;
; y[4]       ; s[7]        ; 6.285 ; 6.285 ; 6.285 ; 6.285 ;
; y[4]       ; v           ; 6.366 ; 6.366 ; 6.366 ; 6.366 ;
; y[5]       ; cout        ; 5.719 ;       ;       ; 5.719 ;
; y[5]       ; s[5]        ; 5.570 ; 5.570 ; 5.570 ; 5.570 ;
; y[5]       ; s[6]        ; 5.552 ; 5.552 ; 5.552 ; 5.552 ;
; y[5]       ; s[7]        ; 5.769 ; 5.769 ; 5.769 ; 5.769 ;
; y[5]       ; v           ; 5.850 ; 5.850 ; 5.850 ; 5.850 ;
; y[6]       ; cout        ; 5.290 ;       ;       ; 5.290 ;
; y[6]       ; s[6]        ; 5.131 ; 5.131 ; 5.131 ; 5.131 ;
; y[6]       ; s[7]        ; 5.340 ; 5.340 ; 5.340 ; 5.340 ;
; y[6]       ; v           ; 5.421 ; 5.421 ; 5.421 ; 5.421 ;
; y[7]       ; cout        ; 5.092 ;       ;       ; 5.092 ;
; y[7]       ; s[7]        ; 5.133 ; 5.133 ; 5.133 ; 5.133 ;
; y[7]       ; v           ; 5.214 ; 5.214 ; 5.214 ; 5.214 ;
+------------+-------------+-------+-------+-------+-------+


+----------------------------------------------------------------------------+
; Multicorner Timing Analysis Summary                                        ;
+------------------+-------+------+----------+---------+---------------------+
; Clock            ; Setup ; Hold ; Recovery ; Removal ; Minimum Pulse Width ;
+------------------+-------+------+----------+---------+---------------------+
; Worst-case Slack ; N/A   ; N/A  ; N/A      ; N/A     ; N/A                 ;
; Design-wide TNS  ; 0.0   ; 0.0  ; 0.0      ; 0.0     ; 0.0                 ;
+------------------+-------+------+----------+---------+---------------------+


+--------------------------------------------------------------+
; Progagation Delay                                            ;
+------------+-------------+--------+--------+--------+--------+
; Input Port ; Output Port ; RR     ; RF     ; FR     ; FF     ;
+------------+-------------+--------+--------+--------+--------+
; cin        ; cout        ; 15.582 ;        ;        ; 15.582 ;
; cin        ; s[0]        ; 10.501 ; 10.501 ; 10.501 ; 10.501 ;
; cin        ; s[1]        ; 11.243 ; 11.243 ; 11.243 ; 11.243 ;
; cin        ; s[2]        ; 12.065 ; 12.065 ; 12.065 ; 12.065 ;
; cin        ; s[3]        ; 11.704 ; 11.704 ; 11.704 ; 11.704 ;
; cin        ; s[4]        ; 12.821 ; 12.821 ; 12.821 ; 12.821 ;
; cin        ; s[5]        ; 14.815 ; 14.815 ; 14.815 ; 14.815 ;
; cin        ; s[6]        ; 14.868 ; 14.868 ; 14.868 ; 14.868 ;
; cin        ; s[7]        ; 15.643 ; 15.643 ; 15.643 ; 15.643 ;
; cin        ; v           ; 15.918 ; 15.918 ; 15.918 ; 15.918 ;
; x[0]       ; cout        ; 15.326 ;        ;        ; 15.326 ;
; x[0]       ; s[0]        ; 10.243 ; 10.243 ; 10.243 ; 10.243 ;
; x[0]       ; s[1]        ; 10.987 ; 10.987 ; 10.987 ; 10.987 ;
; x[0]       ; s[2]        ; 11.809 ; 11.809 ; 11.809 ; 11.809 ;
; x[0]       ; s[3]        ; 11.448 ; 11.448 ; 11.448 ; 11.448 ;
; x[0]       ; s[4]        ; 12.565 ; 12.565 ; 12.565 ; 12.565 ;
; x[0]       ; s[5]        ; 14.559 ; 14.559 ; 14.559 ; 14.559 ;
; x[0]       ; s[6]        ; 14.612 ; 14.612 ; 14.612 ; 14.612 ;
; x[0]       ; s[7]        ; 15.387 ; 15.387 ; 15.387 ; 15.387 ;
; x[0]       ; v           ; 15.662 ; 15.662 ; 15.662 ; 15.662 ;
; x[1]       ; cout        ; 15.039 ;        ;        ; 15.039 ;
; x[1]       ; s[1]        ; 10.707 ; 10.707 ; 10.707 ; 10.707 ;
; x[1]       ; s[2]        ; 11.522 ; 11.522 ; 11.522 ; 11.522 ;
; x[1]       ; s[3]        ; 11.161 ; 11.161 ; 11.161 ; 11.161 ;
; x[1]       ; s[4]        ; 12.278 ; 12.278 ; 12.278 ; 12.278 ;
; x[1]       ; s[5]        ; 14.272 ; 14.272 ; 14.272 ; 14.272 ;
; x[1]       ; s[6]        ; 14.325 ; 14.325 ; 14.325 ; 14.325 ;
; x[1]       ; s[7]        ; 15.100 ; 15.100 ; 15.100 ; 15.100 ;
; x[1]       ; v           ; 15.375 ; 15.375 ; 15.375 ; 15.375 ;
; x[2]       ; cout        ; 14.024 ;        ;        ; 14.024 ;
; x[2]       ; s[2]        ; 10.479 ; 10.479 ; 10.479 ; 10.479 ;
; x[2]       ; s[3]        ; 10.119 ; 10.119 ; 10.119 ; 10.119 ;
; x[2]       ; s[4]        ; 11.263 ; 11.263 ; 11.263 ; 11.263 ;
; x[2]       ; s[5]        ; 13.257 ; 13.257 ; 13.257 ; 13.257 ;
; x[2]       ; s[6]        ; 13.310 ; 13.310 ; 13.310 ; 13.310 ;
; x[2]       ; s[7]        ; 14.085 ; 14.085 ; 14.085 ; 14.085 ;
; x[2]       ; v           ; 14.360 ; 14.360 ; 14.360 ; 14.360 ;
; x[3]       ; cout        ; 14.431 ;        ;        ; 14.431 ;
; x[3]       ; s[3]        ; 10.587 ; 10.587 ; 10.587 ; 10.587 ;
; x[3]       ; s[4]        ; 11.670 ; 11.670 ; 11.670 ; 11.670 ;
; x[3]       ; s[5]        ; 13.664 ; 13.664 ; 13.664 ; 13.664 ;
; x[3]       ; s[6]        ; 13.717 ; 13.717 ; 13.717 ; 13.717 ;
; x[3]       ; s[7]        ; 14.492 ; 14.492 ; 14.492 ; 14.492 ;
; x[3]       ; v           ; 14.767 ; 14.767 ; 14.767 ; 14.767 ;
; x[4]       ; cout        ; 13.327 ;        ;        ; 13.327 ;
; x[4]       ; s[4]        ; 10.572 ; 10.572 ; 10.572 ; 10.572 ;
; x[4]       ; s[5]        ; 12.560 ; 12.560 ; 12.560 ; 12.560 ;
; x[4]       ; s[6]        ; 12.613 ; 12.613 ; 12.613 ; 12.613 ;
; x[4]       ; s[7]        ; 13.388 ; 13.388 ; 13.388 ; 13.388 ;
; x[4]       ; v           ; 13.663 ; 13.663 ; 13.663 ; 13.663 ;
; x[5]       ; cout        ; 11.419 ;        ;        ; 11.419 ;
; x[5]       ; s[5]        ; 10.652 ; 10.652 ; 10.652 ; 10.652 ;
; x[5]       ; s[6]        ; 10.705 ; 10.705 ; 10.705 ; 10.705 ;
; x[5]       ; s[7]        ; 11.480 ; 11.480 ; 11.480 ; 11.480 ;
; x[5]       ; v           ; 11.755 ; 11.755 ; 11.755 ; 11.755 ;
; x[6]       ; cout        ; 11.310 ;        ;        ; 11.310 ;
; x[6]       ; s[6]        ; 10.607 ; 10.607 ; 10.607 ; 10.607 ;
; x[6]       ; s[7]        ; 11.371 ; 11.371 ; 11.371 ; 11.371 ;
; x[6]       ; v           ; 11.646 ; 11.646 ; 11.646 ; 11.646 ;
; x[7]       ; cout        ; 10.072 ;        ;        ; 10.072 ;
; x[7]       ; s[7]        ; 10.135 ; 10.135 ; 10.135 ; 10.135 ;
; x[7]       ; v           ; 10.406 ; 10.406 ; 10.406 ; 10.406 ;
; y[0]       ; cout        ; 15.467 ;        ;        ; 15.467 ;
; y[0]       ; s[0]        ; 10.384 ; 10.384 ; 10.384 ; 10.384 ;
; y[0]       ; s[1]        ; 11.128 ; 11.128 ; 11.128 ; 11.128 ;
; y[0]       ; s[2]        ; 11.950 ; 11.950 ; 11.950 ; 11.950 ;
; y[0]       ; s[3]        ; 11.589 ; 11.589 ; 11.589 ; 11.589 ;
; y[0]       ; s[4]        ; 12.706 ; 12.706 ; 12.706 ; 12.706 ;
; y[0]       ; s[5]        ; 14.700 ; 14.700 ; 14.700 ; 14.700 ;
; y[0]       ; s[6]        ; 14.753 ; 14.753 ; 14.753 ; 14.753 ;
; y[0]       ; s[7]        ; 15.528 ; 15.528 ; 15.528 ; 15.528 ;
; y[0]       ; v           ; 15.803 ; 15.803 ; 15.803 ; 15.803 ;
; y[1]       ; cout        ; 15.253 ;        ;        ; 15.253 ;
; y[1]       ; s[1]        ; 10.915 ; 10.915 ; 10.915 ; 10.915 ;
; y[1]       ; s[2]        ; 11.736 ; 11.736 ; 11.736 ; 11.736 ;
; y[1]       ; s[3]        ; 11.375 ; 11.375 ; 11.375 ; 11.375 ;
; y[1]       ; s[4]        ; 12.492 ; 12.492 ; 12.492 ; 12.492 ;
; y[1]       ; s[5]        ; 14.486 ; 14.486 ; 14.486 ; 14.486 ;
; y[1]       ; s[6]        ; 14.539 ; 14.539 ; 14.539 ; 14.539 ;
; y[1]       ; s[7]        ; 15.314 ; 15.314 ; 15.314 ; 15.314 ;
; y[1]       ; v           ; 15.589 ; 15.589 ; 15.589 ; 15.589 ;
; y[2]       ; cout        ; 14.084 ;        ;        ; 14.084 ;
; y[2]       ; s[2]        ; 10.571 ; 10.571 ; 10.571 ; 10.571 ;
; y[2]       ; s[3]        ; 10.211 ; 10.211 ; 10.211 ; 10.211 ;
; y[2]       ; s[4]        ; 11.323 ; 11.323 ; 11.323 ; 11.323 ;
; y[2]       ; s[5]        ; 13.317 ; 13.317 ; 13.317 ; 13.317 ;
; y[2]       ; s[6]        ; 13.370 ; 13.370 ; 13.370 ; 13.370 ;
; y[2]       ; s[7]        ; 14.145 ; 14.145 ; 14.145 ; 14.145 ;
; y[2]       ; v           ; 14.420 ; 14.420 ; 14.420 ; 14.420 ;
; y[3]       ; cout        ; 14.320 ;        ;        ; 14.320 ;
; y[3]       ; s[3]        ; 10.432 ; 10.432 ; 10.432 ; 10.432 ;
; y[3]       ; s[4]        ; 11.559 ; 11.559 ; 11.559 ; 11.559 ;
; y[3]       ; s[5]        ; 13.553 ; 13.553 ; 13.553 ; 13.553 ;
; y[3]       ; s[6]        ; 13.606 ; 13.606 ; 13.606 ; 13.606 ;
; y[3]       ; s[7]        ; 14.381 ; 14.381 ; 14.381 ; 14.381 ;
; y[3]       ; v           ; 14.656 ; 14.656 ; 14.656 ; 14.656 ;
; y[4]       ; cout        ; 13.180 ;        ;        ; 13.180 ;
; y[4]       ; s[4]        ; 10.421 ; 10.421 ; 10.421 ; 10.421 ;
; y[4]       ; s[5]        ; 12.413 ; 12.413 ; 12.413 ; 12.413 ;
; y[4]       ; s[6]        ; 12.466 ; 12.466 ; 12.466 ; 12.466 ;
; y[4]       ; s[7]        ; 13.241 ; 13.241 ; 13.241 ; 13.241 ;
; y[4]       ; v           ; 13.516 ; 13.516 ; 13.516 ; 13.516 ;
; y[5]       ; cout        ; 11.799 ;        ;        ; 11.799 ;
; y[5]       ; s[5]        ; 11.027 ; 11.027 ; 11.027 ; 11.027 ;
; y[5]       ; s[6]        ; 11.085 ; 11.085 ; 11.085 ; 11.085 ;
; y[5]       ; s[7]        ; 11.860 ; 11.860 ; 11.860 ; 11.860 ;
; y[5]       ; v           ; 12.135 ; 12.135 ; 12.135 ; 12.135 ;
; y[6]       ; cout        ; 10.579 ;        ;        ; 10.579 ;
; y[6]       ; s[6]        ; 9.876  ; 9.876  ; 9.876  ; 9.876  ;
; y[6]       ; s[7]        ; 10.640 ; 10.640 ; 10.640 ; 10.640 ;
; y[6]       ; v           ; 10.915 ; 10.915 ; 10.915 ; 10.915 ;
; y[7]       ; cout        ; 9.990  ;        ;        ; 9.990  ;
; y[7]       ; s[7]        ; 10.043 ; 10.043 ; 10.043 ; 10.043 ;
; y[7]       ; v           ; 10.320 ; 10.320 ; 10.320 ; 10.320 ;
+------------+-------------+--------+--------+--------+--------+


+----------------------------------------------------------+
; Minimum Progagation Delay                                ;
+------------+-------------+-------+-------+-------+-------+
; Input Port ; Output Port ; RR    ; RF    ; FR    ; FF    ;
+------------+-------------+-------+-------+-------+-------+
; cin        ; cout        ; 7.096 ;       ;       ; 7.096 ;
; cin        ; s[0]        ; 5.386 ; 5.386 ; 5.386 ; 5.386 ;
; cin        ; s[1]        ; 5.613 ; 5.613 ; 5.613 ; 5.613 ;
; cin        ; s[2]        ; 5.933 ; 5.933 ; 5.933 ; 5.933 ;
; cin        ; s[3]        ; 5.753 ; 5.753 ; 5.753 ; 5.753 ;
; cin        ; s[4]        ; 6.143 ; 6.143 ; 6.143 ; 6.143 ;
; cin        ; s[5]        ; 6.948 ; 6.948 ; 6.948 ; 6.948 ;
; cin        ; s[6]        ; 6.929 ; 6.929 ; 6.929 ; 6.929 ;
; cin        ; s[7]        ; 7.146 ; 7.146 ; 7.146 ; 7.146 ;
; cin        ; v           ; 7.227 ; 7.227 ; 7.227 ; 7.227 ;
; x[0]       ; cout        ; 6.995 ;       ;       ; 6.995 ;
; x[0]       ; s[0]        ; 5.285 ; 5.285 ; 5.285 ; 5.285 ;
; x[0]       ; s[1]        ; 5.512 ; 5.512 ; 5.512 ; 5.512 ;
; x[0]       ; s[2]        ; 5.832 ; 5.832 ; 5.832 ; 5.832 ;
; x[0]       ; s[3]        ; 5.652 ; 5.652 ; 5.652 ; 5.652 ;
; x[0]       ; s[4]        ; 6.042 ; 6.042 ; 6.042 ; 6.042 ;
; x[0]       ; s[5]        ; 6.847 ; 6.847 ; 6.847 ; 6.847 ;
; x[0]       ; s[6]        ; 6.828 ; 6.828 ; 6.828 ; 6.828 ;
; x[0]       ; s[7]        ; 7.045 ; 7.045 ; 7.045 ; 7.045 ;
; x[0]       ; v           ; 7.126 ; 7.126 ; 7.126 ; 7.126 ;
; x[1]       ; cout        ; 6.920 ;       ;       ; 6.920 ;
; x[1]       ; s[1]        ; 5.438 ; 5.438 ; 5.438 ; 5.438 ;
; x[1]       ; s[2]        ; 5.757 ; 5.757 ; 5.757 ; 5.757 ;
; x[1]       ; s[3]        ; 5.577 ; 5.577 ; 5.577 ; 5.577 ;
; x[1]       ; s[4]        ; 5.967 ; 5.967 ; 5.967 ; 5.967 ;
; x[1]       ; s[5]        ; 6.772 ; 6.772 ; 6.772 ; 6.772 ;
; x[1]       ; s[6]        ; 6.753 ; 6.753 ; 6.753 ; 6.753 ;
; x[1]       ; s[7]        ; 6.970 ; 6.970 ; 6.970 ; 6.970 ;
; x[1]       ; v           ; 7.051 ; 7.051 ; 7.051 ; 7.051 ;
; x[2]       ; cout        ; 6.524 ;       ;       ; 6.524 ;
; x[2]       ; s[2]        ; 5.365 ; 5.365 ; 5.365 ; 5.365 ;
; x[2]       ; s[3]        ; 5.186 ; 5.186 ; 5.186 ; 5.186 ;
; x[2]       ; s[4]        ; 5.571 ; 5.571 ; 5.571 ; 5.571 ;
; x[2]       ; s[5]        ; 6.376 ; 6.376 ; 6.376 ; 6.376 ;
; x[2]       ; s[6]        ; 6.357 ; 6.357 ; 6.357 ; 6.357 ;
; x[2]       ; s[7]        ; 6.574 ; 6.574 ; 6.574 ; 6.574 ;
; x[2]       ; v           ; 6.655 ; 6.655 ; 6.655 ; 6.655 ;
; x[3]       ; cout        ; 6.542 ;       ;       ; 6.542 ;
; x[3]       ; s[3]        ; 5.348 ; 5.348 ; 5.348 ; 5.348 ;
; x[3]       ; s[4]        ; 5.587 ; 5.587 ; 5.587 ; 5.587 ;
; x[3]       ; s[5]        ; 6.394 ; 6.394 ; 6.394 ; 6.394 ;
; x[3]       ; s[6]        ; 6.375 ; 6.375 ; 6.375 ; 6.375 ;
; x[3]       ; s[7]        ; 6.592 ; 6.592 ; 6.592 ; 6.592 ;
; x[3]       ; v           ; 6.673 ; 6.673 ; 6.673 ; 6.673 ;
; x[4]       ; cout        ; 6.280 ;       ;       ; 6.280 ;
; x[4]       ; s[4]        ; 5.328 ; 5.328 ; 5.328 ; 5.328 ;
; x[4]       ; s[5]        ; 6.132 ; 6.132 ; 6.132 ; 6.132 ;
; x[4]       ; s[6]        ; 6.113 ; 6.113 ; 6.113 ; 6.113 ;
; x[4]       ; s[7]        ; 6.330 ; 6.330 ; 6.330 ; 6.330 ;
; x[4]       ; v           ; 6.411 ; 6.411 ; 6.411 ; 6.411 ;
; x[5]       ; cout        ; 5.591 ;       ;       ; 5.591 ;
; x[5]       ; s[5]        ; 5.446 ; 5.446 ; 5.446 ; 5.446 ;
; x[5]       ; s[6]        ; 5.424 ; 5.424 ; 5.424 ; 5.424 ;
; x[5]       ; s[7]        ; 5.641 ; 5.641 ; 5.641 ; 5.641 ;
; x[5]       ; v           ; 5.722 ; 5.722 ; 5.722 ; 5.722 ;
; x[6]       ; cout        ; 5.559 ;       ;       ; 5.559 ;
; x[6]       ; s[6]        ; 5.399 ; 5.399 ; 5.399 ; 5.399 ;
; x[6]       ; s[7]        ; 5.609 ; 5.609 ; 5.609 ; 5.609 ;
; x[6]       ; v           ; 5.690 ; 5.690 ; 5.690 ; 5.690 ;
; x[7]       ; cout        ; 5.137 ;       ;       ; 5.137 ;
; x[7]       ; s[7]        ; 5.183 ; 5.183 ; 5.183 ; 5.183 ;
; x[7]       ; v           ; 5.267 ; 5.267 ; 5.267 ; 5.267 ;
; y[0]       ; cout        ; 7.032 ;       ;       ; 7.032 ;
; y[0]       ; s[0]        ; 5.322 ; 5.322 ; 5.322 ; 5.322 ;
; y[0]       ; s[1]        ; 5.549 ; 5.549 ; 5.549 ; 5.549 ;
; y[0]       ; s[2]        ; 5.869 ; 5.869 ; 5.869 ; 5.869 ;
; y[0]       ; s[3]        ; 5.689 ; 5.689 ; 5.689 ; 5.689 ;
; y[0]       ; s[4]        ; 6.079 ; 6.079 ; 6.079 ; 6.079 ;
; y[0]       ; s[5]        ; 6.884 ; 6.884 ; 6.884 ; 6.884 ;
; y[0]       ; s[6]        ; 6.865 ; 6.865 ; 6.865 ; 6.865 ;
; y[0]       ; s[7]        ; 7.082 ; 7.082 ; 7.082 ; 7.082 ;
; y[0]       ; v           ; 7.163 ; 7.163 ; 7.163 ; 7.163 ;
; y[1]       ; cout        ; 6.950 ;       ;       ; 6.950 ;
; y[1]       ; s[1]        ; 5.468 ; 5.468 ; 5.468 ; 5.468 ;
; y[1]       ; s[2]        ; 5.787 ; 5.787 ; 5.787 ; 5.787 ;
; y[1]       ; s[3]        ; 5.607 ; 5.607 ; 5.607 ; 5.607 ;
; y[1]       ; s[4]        ; 5.997 ; 5.997 ; 5.997 ; 5.997 ;
; y[1]       ; s[5]        ; 6.802 ; 6.802 ; 6.802 ; 6.802 ;
; y[1]       ; s[6]        ; 6.783 ; 6.783 ; 6.783 ; 6.783 ;
; y[1]       ; s[7]        ; 7.000 ; 7.000 ; 7.000 ; 7.000 ;
; y[1]       ; v           ; 7.081 ; 7.081 ; 7.081 ; 7.081 ;
; y[2]       ; cout        ; 6.549 ;       ;       ; 6.549 ;
; y[2]       ; s[2]        ; 5.391 ; 5.391 ; 5.391 ; 5.391 ;
; y[2]       ; s[3]        ; 5.211 ; 5.211 ; 5.211 ; 5.211 ;
; y[2]       ; s[4]        ; 5.596 ; 5.596 ; 5.596 ; 5.596 ;
; y[2]       ; s[5]        ; 6.401 ; 6.401 ; 6.401 ; 6.401 ;
; y[2]       ; s[6]        ; 6.382 ; 6.382 ; 6.382 ; 6.382 ;
; y[2]       ; s[7]        ; 6.599 ; 6.599 ; 6.599 ; 6.599 ;
; y[2]       ; v           ; 6.680 ; 6.680 ; 6.680 ; 6.680 ;
; y[3]       ; cout        ; 6.455 ;       ;       ; 6.455 ;
; y[3]       ; s[3]        ; 5.294 ; 5.294 ; 5.294 ; 5.294 ;
; y[3]       ; s[4]        ; 5.500 ; 5.500 ; 5.500 ; 5.500 ;
; y[3]       ; s[5]        ; 6.307 ; 6.307 ; 6.307 ; 6.307 ;
; y[3]       ; s[6]        ; 6.288 ; 6.288 ; 6.288 ; 6.288 ;
; y[3]       ; s[7]        ; 6.505 ; 6.505 ; 6.505 ; 6.505 ;
; y[3]       ; v           ; 6.586 ; 6.586 ; 6.586 ; 6.586 ;
; y[4]       ; cout        ; 6.235 ;       ;       ; 6.235 ;
; y[4]       ; s[4]        ; 5.282 ; 5.282 ; 5.282 ; 5.282 ;
; y[4]       ; s[5]        ; 6.087 ; 6.087 ; 6.087 ; 6.087 ;
; y[4]       ; s[6]        ; 6.068 ; 6.068 ; 6.068 ; 6.068 ;
; y[4]       ; s[7]        ; 6.285 ; 6.285 ; 6.285 ; 6.285 ;
; y[4]       ; v           ; 6.366 ; 6.366 ; 6.366 ; 6.366 ;
; y[5]       ; cout        ; 5.719 ;       ;       ; 5.719 ;
; y[5]       ; s[5]        ; 5.570 ; 5.570 ; 5.570 ; 5.570 ;
; y[5]       ; s[6]        ; 5.552 ; 5.552 ; 5.552 ; 5.552 ;
; y[5]       ; s[7]        ; 5.769 ; 5.769 ; 5.769 ; 5.769 ;
; y[5]       ; v           ; 5.850 ; 5.850 ; 5.850 ; 5.850 ;
; y[6]       ; cout        ; 5.290 ;       ;       ; 5.290 ;
; y[6]       ; s[6]        ; 5.131 ; 5.131 ; 5.131 ; 5.131 ;
; y[6]       ; s[7]        ; 5.340 ; 5.340 ; 5.340 ; 5.340 ;
; y[6]       ; v           ; 5.421 ; 5.421 ; 5.421 ; 5.421 ;
; y[7]       ; cout        ; 5.092 ;       ;       ; 5.092 ;
; y[7]       ; s[7]        ; 5.133 ; 5.133 ; 5.133 ; 5.133 ;
; y[7]       ; v           ; 5.214 ; 5.214 ; 5.214 ; 5.214 ;
+------------+-------------+-------+-------+-------+-------+


-------------------
; Clock Transfers ;
-------------------
Nothing to report.


---------------
; Report TCCS ;
---------------
No dedicated SERDES Transmitter circuitry present in device or used in design


---------------
; Report RSKM ;
---------------
No dedicated SERDES Receiver circuitry present in device or used in design


+------------------------------------------------+
; Unconstrained Paths                            ;
+---------------------------------+-------+------+
; Property                        ; Setup ; Hold ;
+---------------------------------+-------+------+
; Illegal Clocks                  ; 0     ; 0    ;
; Unconstrained Clocks            ; 0     ; 0    ;
; Unconstrained Input Ports       ; 17    ; 17   ;
; Unconstrained Input Port Paths  ; 114   ; 114  ;
; Unconstrained Output Ports      ; 10    ; 10   ;
; Unconstrained Output Port Paths ; 114   ; 114  ;
+---------------------------------+-------+------+


+------------------------------------+
; TimeQuest Timing Analyzer Messages ;
+------------------------------------+
Info: *******************************************************************
Info: Running Quartus II 32-bit TimeQuest Timing Analyzer
    Info: Version 13.0.1 Build 232 06/12/2013 Service Pack 1 SJ Web Edition
    Info: Processing started: Wed Apr 19 16:38:34 2017
Info: Command: quartus_sta fullAdder -c fullAdder
Info: qsta_default_script.tcl version: #1
Warning (20028): Parallel compilation is not licensed and has been disabled
Info (21077): Low junction temperature is 0 degrees C
Info (21077): High junction temperature is 85 degrees C
Critical Warning (332012): Synopsys Design Constraints File file not found: 'fullAdder.sdc'. A Synopsys Design Constraints File is required by the TimeQuest Timing Analyzer to get proper timing constraints. Without it, the Compiler will not properly optimize the design.
Info (332142): No user constrained base clocks found in the design. Calling "derive_clocks -period 1.0"
Info (332096): The command derive_clocks did not find any clocks to derive.  No clocks were created or changed.
Warning (332068): No clocks defined in design.
Info: Found TIMEQUEST_REPORT_SCRIPT_INCLUDE_DEFAULT_ANALYSIS = ON
Info (332159): No clocks to report
Info: Analyzing Slow Model
Info (332140): No fmax paths to report
Info (332140): No Setup paths to report
Info (332140): No Hold paths to report
Info (332140): No Recovery paths to report
Info (332140): No Removal paths to report
Info (332140): No Minimum Pulse Width paths to report
Info (332001): The selected device family is not supported by the report_metastability command.
Info: Analyzing Fast Model
Info (332142): No user constrained base clocks found in the design. Calling "derive_clocks -period 1.0"
Info (332096): The command derive_clocks did not find any clocks to derive.  No clocks were created or changed.
Warning (332068): No clocks defined in design.
Info (332140): No Setup paths to report
Info (332140): No Hold paths to report
Info (332140): No Recovery paths to report
Info (332140): No Removal paths to report
Info (332140): No Minimum Pulse Width paths to report
Info (332001): The selected device family is not supported by the report_metastability command.
Info (332102): Design is not fully constrained for setup requirements
Info (332102): Design is not fully constrained for hold requirements
Info: Quartus II 32-bit TimeQuest Timing Analyzer was successful. 0 errors, 4 warnings
    Info: Peak virtual memory: 296 megabytes
    Info: Processing ended: Wed Apr 19 16:38:34 2017
    Info: Elapsed time: 00:00:00
    Info: Total CPU time (on all processors): 00:00:01


